running egg_info
writing ../../build/path_smoothing/path_smoothing.egg-info/PKG-INFO
writing dependency_links to ../../build/path_smoothing/path_smoothing.egg-info/dependency_links.txt
writing entry points to ../../build/path_smoothing/path_smoothing.egg-info/entry_points.txt
writing requirements to ../../build/path_smoothing/path_smoothing.egg-info/requires.txt
writing top-level names to ../../build/path_smoothing/path_smoothing.egg-info/top_level.txt
reading manifest file '../../build/path_smoothing/path_smoothing.egg-info/SOURCES.txt'
writing manifest file '../../build/path_smoothing/path_smoothing.egg-info/SOURCES.txt'
running build
running build_py
copying path_smoothing/smoothing_node.py -> /home/anoushka/robot10x_ws/build/path_smoothing/build/lib/path_smoothing
running install
running install_lib
copying /home/anoushka/robot10x_ws/build/path_smoothing/build/lib/path_smoothing/smoothing_node.py -> /home/anoushka/robot10x_ws/install/path_smoothing/lib/python3.10/site-packages/path_smoothing
byte-compiling /home/anoushka/robot10x_ws/install/path_smoothing/lib/python3.10/site-packages/path_smoothing/smoothing_node.py to smoothing_node.cpython-310.pyc
running install_data
creating /home/anoushka/robot10x_ws/install/path_smoothing/share/path_smoothing/launch
running install_egg_info
removing '/home/anoushka/robot10x_ws/install/path_smoothing/lib/python3.10/site-packages/path_smoothing-0.0.0-py3.10.egg-info' (and everything under it)
Copying ../../build/path_smoothing/path_smoothing.egg-info to /home/anoushka/robot10x_ws/install/path_smoothing/lib/python3.10/site-packages/path_smoothing-0.0.0-py3.10.egg-info
running install_scripts
Installing smoothing_node script to /home/anoushka/robot10x_ws/install/path_smoothing/lib/path_smoothing
writing list of installed files to '/home/anoushka/robot10x_ws/build/path_smoothing/install.log'
