[0.554s] Invoking command in '/home/anoushka/robot10x_ws/build/roverrobotics_input_manager': CMAKE_PREFIX_PATH=${CMAKE_PREFIX_PATH}:/home/anoushka/robot10x_ws/install/trajectory_tracking:/home/anoushka/robot10x_ws/install/trajectory_generation:/home/anoushka/robot10x_ws/install/simulation_launch:/home/anoushka/robot10x_ws/install/path_smoothing:/home/anoushka/rover_workspace/install/bno055:/opt/ros/humble /usr/bin/cmake --build /home/anoushka/robot10x_ws/build/roverrobotics_input_manager -- -j8 -l8
[1.241s] Invoked command in '/home/anoushka/robot10x_ws/build/roverrobotics_input_manager' returned '0': CMAKE_PREFIX_PATH=${CMAKE_PREFIX_PATH}:/home/anoushka/robot10x_ws/install/trajectory_tracking:/home/anoushka/robot10x_ws/install/trajectory_generation:/home/anoushka/robot10x_ws/install/simulation_launch:/home/anoushka/robot10x_ws/install/path_smoothing:/home/anoushka/rover_workspace/install/bno055:/opt/ros/humble /usr/bin/cmake --build /home/anoushka/robot10x_ws/build/roverrobotics_input_manager -- -j8 -l8
[1.243s] Invoking command in '/home/anoushka/robot10x_ws/build/roverrobotics_input_manager': CMAKE_PREFIX_PATH=${CMAKE_PREFIX_PATH}:/home/anoushka/robot10x_ws/install/trajectory_tracking:/home/anoushka/robot10x_ws/install/trajectory_generation:/home/anoushka/robot10x_ws/install/simulation_launch:/home/anoushka/robot10x_ws/install/path_smoothing:/home/anoushka/rover_workspace/install/bno055:/opt/ros/humble /usr/bin/cmake --install /home/anoushka/robot10x_ws/build/roverrobotics_input_manager
[1.264s] -- Install configuration: ""
[1.265s] -- Up-to-date: /home/anoushka/robot10x_ws/install/roverrobotics_input_manager/lib/roverrobotics_input_manager/modules
[1.265s] -- Up-to-date: /home/anoushka/robot10x_ws/install/roverrobotics_input_manager/lib/roverrobotics_input_manager/modules/Controller.py
[1.265s] -- Up-to-date: /home/anoushka/robot10x_ws/install/roverrobotics_input_manager/lib/roverrobotics_input_manager/modules/__pycache__
[1.265s] -- Up-to-date: /home/anoushka/robot10x_ws/install/roverrobotics_input_manager/lib/roverrobotics_input_manager/modules/__pycache__/Controller.cpython-38.pyc
[1.265s] -- Up-to-date: /home/anoushka/robot10x_ws/install/roverrobotics_input_manager/lib/roverrobotics_input_manager/modules/__pycache__/Controller.cpython-310.pyc
[1.265s] -- Up-to-date: /home/anoushka/robot10x_ws/install/roverrobotics_input_manager/lib/roverrobotics_input_manager/modules/__pycache__/Topics.cpython-38.pyc
[1.266s] -- Up-to-date: /home/anoushka/robot10x_ws/install/roverrobotics_input_manager/lib/roverrobotics_input_manager/modules/__pycache__/Topics.cpython-310.pyc
[1.266s] -- Up-to-date: /home/anoushka/robot10x_ws/install/roverrobotics_input_manager/lib/roverrobotics_input_manager/modules/Topics.py
[1.270s] -- Up-to-date: /home/anoushka/robot10x_ws/install/roverrobotics_input_manager/lib/roverrobotics_input_manager/joys_manager.py
[1.271s] -- Up-to-date: /home/anoushka/robot10x_ws/install/roverrobotics_input_manager/share/ament_index/resource_index/package_run_dependencies/roverrobotics_input_manager
[1.271s] -- Up-to-date: /home/anoushka/robot10x_ws/install/roverrobotics_input_manager/share/ament_index/resource_index/parent_prefix_path/roverrobotics_input_manager
[1.271s] -- Up-to-date: /home/anoushka/robot10x_ws/install/roverrobotics_input_manager/share/roverrobotics_input_manager/environment/ament_prefix_path.sh
[1.272s] -- Up-to-date: /home/anoushka/robot10x_ws/install/roverrobotics_input_manager/share/roverrobotics_input_manager/environment/ament_prefix_path.dsv
[1.272s] -- Up-to-date: /home/anoushka/robot10x_ws/install/roverrobotics_input_manager/share/roverrobotics_input_manager/environment/path.sh
[1.272s] -- Up-to-date: /home/anoushka/robot10x_ws/install/roverrobotics_input_manager/share/roverrobotics_input_manager/environment/path.dsv
[1.272s] -- Up-to-date: /home/anoushka/robot10x_ws/install/roverrobotics_input_manager/share/roverrobotics_input_manager/local_setup.bash
[1.272s] -- Up-to-date: /home/anoushka/robot10x_ws/install/roverrobotics_input_manager/share/roverrobotics_input_manager/local_setup.sh
[1.272s] -- Up-to-date: /home/anoushka/robot10x_ws/install/roverrobotics_input_manager/share/roverrobotics_input_manager/local_setup.zsh
[1.273s] -- Up-to-date: /home/anoushka/robot10x_ws/install/roverrobotics_input_manager/share/roverrobotics_input_manager/local_setup.dsv
[1.274s] -- Installing: /home/anoushka/robot10x_ws/install/roverrobotics_input_manager/share/roverrobotics_input_manager/package.dsv
[1.274s] -- Up-to-date: /home/anoushka/robot10x_ws/install/roverrobotics_input_manager/share/ament_index/resource_index/packages/roverrobotics_input_manager
[1.276s] -- Up-to-date: /home/anoushka/robot10x_ws/install/roverrobotics_input_manager/share/roverrobotics_input_manager/cmake/roverrobotics_input_managerConfig.cmake
[1.276s] -- Up-to-date: /home/anoushka/robot10x_ws/install/roverrobotics_input_manager/share/roverrobotics_input_manager/cmake/roverrobotics_input_managerConfig-version.cmake
[1.276s] -- Up-to-date: /home/anoushka/robot10x_ws/install/roverrobotics_input_manager/share/roverrobotics_input_manager/package.xml
[1.340s] Invoked command in '/home/anoushka/robot10x_ws/build/roverrobotics_input_manager' returned '0': CMAKE_PREFIX_PATH=${CMAKE_PREFIX_PATH}:/home/anoushka/robot10x_ws/install/trajectory_tracking:/home/anoushka/robot10x_ws/install/trajectory_generation:/home/anoushka/robot10x_ws/install/simulation_launch:/home/anoushka/robot10x_ws/install/path_smoothing:/home/anoushka/rover_workspace/install/bno055:/opt/ros/humble /usr/bin/cmake --install /home/anoushka/robot10x_ws/build/roverrobotics_input_manager
