[0.174s] Invoking command in '/home/anoushka/robot10x_ws/build/roverrobotics_input_manager': CMAKE_PREFIX_PATH=${CMAKE_PREFIX_PATH}:/home/anoushka/robot10x_ws/install/trajectory_tracking:/home/anoushka/robot10x_ws/install/trajectory_generation:/home/anoushka/robot10x_ws/install/simulation_launch:/home/anoushka/robot10x_ws/install/path_smoothing:/home/anoushka/rover_workspace/install/bno055:/opt/ros/humble /usr/bin/cmake --build /home/anoushka/robot10x_ws/build/roverrobotics_input_manager -- -j8 -l8
[0.450s] Invoked command in '/home/anoushka/robot10x_ws/build/roverrobotics_input_manager' returned '0': CMAKE_PREFIX_PATH=${CMAKE_PREFIX_PATH}:/home/anoushka/robot10x_ws/install/trajectory_tracking:/home/anoushka/robot10x_ws/install/trajectory_generation:/home/anoushka/robot10x_ws/install/simulation_launch:/home/anoushka/robot10x_ws/install/path_smoothing:/home/anoushka/rover_workspace/install/bno055:/opt/ros/humble /usr/bin/cmake --build /home/anoushka/robot10x_ws/build/roverrobotics_input_manager -- -j8 -l8
[0.451s] Invoking command in '/home/anoushka/robot10x_ws/build/roverrobotics_input_manager': CMAKE_PREFIX_PATH=${CMAKE_PREFIX_PATH}:/home/anoushka/robot10x_ws/install/trajectory_tracking:/home/anoushka/robot10x_ws/install/trajectory_generation:/home/anoushka/robot10x_ws/install/simulation_launch:/home/anoushka/robot10x_ws/install/path_smoothing:/home/anoushka/rover_workspace/install/bno055:/opt/ros/humble /usr/bin/cmake --install /home/anoushka/robot10x_ws/build/roverrobotics_input_manager
[0.471s] -- Install configuration: ""
[0.472s] -- Up-to-date: /home/anoushka/robot10x_ws/install/roverrobotics_input_manager/lib/roverrobotics_input_manager/modules
[0.472s] -- Up-to-date: /home/anoushka/robot10x_ws/install/roverrobotics_input_manager/lib/roverrobotics_input_manager/modules/Controller.py
[0.473s] -- Up-to-date: /home/anoushka/robot10x_ws/install/roverrobotics_input_manager/lib/roverrobotics_input_manager/modules/__pycache__
[0.474s] -- Up-to-date: /home/anoushka/robot10x_ws/install/roverrobotics_input_manager/lib/roverrobotics_input_manager/modules/__pycache__/Controller.cpython-38.pyc
[0.474s] -- Up-to-date: /home/anoushka/robot10x_ws/install/roverrobotics_input_manager/lib/roverrobotics_input_manager/modules/__pycache__/Controller.cpython-310.pyc
[0.474s] -- Up-to-date: /home/anoushka/robot10x_ws/install/roverrobotics_input_manager/lib/roverrobotics_input_manager/modules/__pycache__/Topics.cpython-38.pyc
[0.474s] -- Up-to-date: /home/anoushka/robot10x_ws/install/roverrobotics_input_manager/lib/roverrobotics_input_manager/modules/__pycache__/Topics.cpython-310.pyc
[0.474s] -- Up-to-date: /home/anoushka/robot10x_ws/install/roverrobotics_input_manager/lib/roverrobotics_input_manager/modules/Topics.py
[0.474s] -- Up-to-date: /home/anoushka/robot10x_ws/install/roverrobotics_input_manager/lib/roverrobotics_input_manager/joys_manager.py
[0.474s] -- Up-to-date: /home/anoushka/robot10x_ws/install/roverrobotics_input_manager/share/ament_index/resource_index/package_run_dependencies/roverrobotics_input_manager
[0.474s] -- Up-to-date: /home/anoushka/robot10x_ws/install/roverrobotics_input_manager/share/ament_index/resource_index/parent_prefix_path/roverrobotics_input_manager
[0.474s] -- Up-to-date: /home/anoushka/robot10x_ws/install/roverrobotics_input_manager/share/roverrobotics_input_manager/environment/ament_prefix_path.sh
[0.474s] -- Up-to-date: /home/anoushka/robot10x_ws/install/roverrobotics_input_manager/share/roverrobotics_input_manager/environment/ament_prefix_path.dsv
[0.474s] -- Up-to-date: /home/anoushka/robot10x_ws/install/roverrobotics_input_manager/share/roverrobotics_input_manager/environment/path.sh
[0.474s] -- Up-to-date: /home/anoushka/robot10x_ws/install/roverrobotics_input_manager/share/roverrobotics_input_manager/environment/path.dsv
[0.474s] -- Up-to-date: /home/anoushka/robot10x_ws/install/roverrobotics_input_manager/share/roverrobotics_input_manager/local_setup.bash
[0.474s] -- Up-to-date: /home/anoushka/robot10x_ws/install/roverrobotics_input_manager/share/roverrobotics_input_manager/local_setup.sh
[0.475s] -- Up-to-date: /home/anoushka/robot10x_ws/install/roverrobotics_input_manager/share/roverrobotics_input_manager/local_setup.zsh
[0.477s] -- Up-to-date: /home/anoushka/robot10x_ws/install/roverrobotics_input_manager/share/roverrobotics_input_manager/local_setup.dsv
[0.477s] -- Installing: /home/anoushka/robot10x_ws/install/roverrobotics_input_manager/share/roverrobotics_input_manager/package.dsv
[0.477s] -- Up-to-date: /home/anoushka/robot10x_ws/install/roverrobotics_input_manager/share/ament_index/resource_index/packages/roverrobotics_input_manager
[0.477s] -- Up-to-date: /home/anoushka/robot10x_ws/install/roverrobotics_input_manager/share/roverrobotics_input_manager/cmake/roverrobotics_input_managerConfig.cmake
[0.477s] -- Up-to-date: /home/anoushka/robot10x_ws/install/roverrobotics_input_manager/share/roverrobotics_input_manager/cmake/roverrobotics_input_managerConfig-version.cmake
[0.478s] -- Up-to-date: /home/anoushka/robot10x_ws/install/roverrobotics_input_manager/share/roverrobotics_input_manager/package.xml
[0.498s] Invoked command in '/home/anoushka/robot10x_ws/build/roverrobotics_input_manager' returned '0': CMAKE_PREFIX_PATH=${CMAKE_PREFIX_PATH}:/home/anoushka/robot10x_ws/install/trajectory_tracking:/home/anoushka/robot10x_ws/install/trajectory_generation:/home/anoushka/robot10x_ws/install/simulation_launch:/home/anoushka/robot10x_ws/install/path_smoothing:/home/anoushka/rover_workspace/install/bno055:/opt/ros/humble /usr/bin/cmake --install /home/anoushka/robot10x_ws/build/roverrobotics_input_manager
