[0.199s] Invoking command in '/home/anoushka/robot10x_ws/build/roverrobotics_driver': CMAKE_PREFIX_PATH=${CMAKE_PREFIX_PATH}:/home/anoushka/rover_workspace/install/bno055:/opt/ros/humble /usr/bin/cmake --build /home/anoushka/robot10x_ws/build/roverrobotics_driver -- -j8 -l8
[0.343s] [35m[1mConsolidate compiler generated dependencies of target roverrobotics_driver[0m
[0.363s] [  9%] [32mBuilding CXX object CMakeFiles/roverrobotics_driver.dir/src/roverrobotics_ros2_driver.cpp.o[0m
[16.010s] [ 18%] [32m[1mLinking CXX executable roverrobotics_driver[0m
[16.893s] [100%] Built target roverrobotics_driver
[16.915s] Invoked command in '/home/anoushka/robot10x_ws/build/roverrobotics_driver' returned '0': CMAKE_PREFIX_PATH=${CMAKE_PREFIX_PATH}:/home/anoushka/rover_workspace/install/bno055:/opt/ros/humble /usr/bin/cmake --build /home/anoushka/robot10x_ws/build/roverrobotics_driver -- -j8 -l8
[16.920s] Invoking command in '/home/anoushka/robot10x_ws/build/roverrobotics_driver': CMAKE_PREFIX_PATH=${CMAKE_PREFIX_PATH}:/home/anoushka/rover_workspace/install/bno055:/opt/ros/humble /usr/bin/cmake --install /home/anoushka/robot10x_ws/build/roverrobotics_driver
[16.924s] -- Install configuration: ""
[16.925s] -- Up-to-date: /home/anoushka/robot10x_ws/install/roverrobotics_driver/share/roverrobotics_driver/launch
[16.926s] -- Up-to-date: /home/anoushka/robot10x_ws/install/roverrobotics_driver/share/roverrobotics_driver/launch/miti_teleop.launch.py
[16.926s] -- Up-to-date: /home/anoushka/robot10x_ws/install/roverrobotics_driver/share/roverrobotics_driver/launch/mini.launch.py
[16.926s] -- Up-to-date: /home/anoushka/robot10x_ws/install/roverrobotics_driver/share/roverrobotics_driver/launch/outdoor_navigation_launch.py
[16.926s] -- Up-to-date: /home/anoushka/robot10x_ws/install/roverrobotics_driver/share/roverrobotics_driver/launch/navigation_launch.py
[16.926s] -- Up-to-date: /home/anoushka/robot10x_ws/install/roverrobotics_driver/share/roverrobotics_driver/launch/pro.launch.py
[16.926s] -- Up-to-date: /home/anoushka/robot10x_ws/install/roverrobotics_driver/share/roverrobotics_driver/launch/ps5_controller.launch.py
[16.927s] -- Up-to-date: /home/anoushka/robot10x_ws/install/roverrobotics_driver/share/roverrobotics_driver/launch/ps4_controller.launch.py
[16.927s] -- Up-to-date: /home/anoushka/robot10x_ws/install/roverrobotics_driver/share/roverrobotics_driver/launch/max_teleop.launch.py
[16.927s] -- Up-to-date: /home/anoushka/robot10x_ws/install/roverrobotics_driver/share/roverrobotics_driver/launch/nav2_backend.py
[16.927s] -- Up-to-date: /home/anoushka/robot10x_ws/install/roverrobotics_driver/share/roverrobotics_driver/launch/miti_65.launch.py
[16.927s] -- Up-to-date: /home/anoushka/robot10x_ws/install/roverrobotics_driver/share/roverrobotics_driver/launch/pro_teleop.launch.py
[16.927s] -- Up-to-date: /home/anoushka/robot10x_ws/install/roverrobotics_driver/share/roverrobotics_driver/launch/miti.launch.py
[16.927s] -- Up-to-date: /home/anoushka/robot10x_ws/install/roverrobotics_driver/share/roverrobotics_driver/launch/robot_localizer_outdoor.launch.py
[16.928s] -- Up-to-date: /home/anoushka/robot10x_ws/install/roverrobotics_driver/share/roverrobotics_driver/launch/mini_teleop.launch.py
[16.928s] -- Up-to-date: /home/anoushka/robot10x_ws/install/roverrobotics_driver/share/roverrobotics_driver/launch/accessories.launch.py
[16.928s] -- Up-to-date: /home/anoushka/robot10x_ws/install/roverrobotics_driver/share/roverrobotics_driver/launch/max.launch.py
[16.928s] -- Up-to-date: /home/anoushka/robot10x_ws/install/roverrobotics_driver/share/roverrobotics_driver/launch/slam_launch.py
[16.928s] -- Up-to-date: /home/anoushka/robot10x_ws/install/roverrobotics_driver/share/roverrobotics_driver/launch/robot_localizer.launch.py
[16.928s] -- Up-to-date: /home/anoushka/robot10x_ws/install/roverrobotics_driver/share/roverrobotics_driver/launch/zero_teleop.launch.py
[16.928s] -- Up-to-date: /home/anoushka/robot10x_ws/install/roverrobotics_driver/share/roverrobotics_driver/launch/miti_65_teleop.launch.py
[16.928s] -- Up-to-date: /home/anoushka/robot10x_ws/install/roverrobotics_driver/share/roverrobotics_driver/launch/zero.launch.py
[16.928s] -- Up-to-date: /home/anoushka/robot10x_ws/install/roverrobotics_driver/share/roverrobotics_driver/config
[16.928s] -- Up-to-date: /home/anoushka/robot10x_ws/install/roverrobotics_driver/share/roverrobotics_driver/config/miti_config.yaml
[16.928s] -- Up-to-date: /home/anoushka/robot10x_ws/install/roverrobotics_driver/share/roverrobotics_driver/config/miti_65_config.yaml
[16.928s] -- Up-to-date: /home/anoushka/robot10x_ws/install/roverrobotics_driver/share/roverrobotics_driver/config/accessories.yaml
[16.928s] -- Up-to-date: /home/anoushka/robot10x_ws/install/roverrobotics_driver/share/roverrobotics_driver/config/ps5_controller_config.yaml
[16.928s] -- Up-to-date: /home/anoushka/robot10x_ws/install/roverrobotics_driver/share/roverrobotics_driver/config/localization_ekf.yaml
[16.928s] -- Up-to-date: /home/anoushka/robot10x_ws/install/roverrobotics_driver/share/roverrobotics_driver/config/mini_config.yaml
[16.928s] -- Up-to-date: /home/anoushka/robot10x_ws/install/roverrobotics_driver/share/roverrobotics_driver/config/pro_config.yaml
[16.929s] -- Up-to-date: /home/anoushka/robot10x_ws/install/roverrobotics_driver/share/roverrobotics_driver/config/ps4_controller_config.yaml
[16.929s] -- Up-to-date: /home/anoushka/robot10x_ws/install/roverrobotics_driver/share/roverrobotics_driver/config/max_150_config.yaml
[16.929s] -- Up-to-date: /home/anoushka/robot10x_ws/install/roverrobotics_driver/share/roverrobotics_driver/config/realsense_config.yaml
[16.929s] -- Up-to-date: /home/anoushka/robot10x_ws/install/roverrobotics_driver/share/roverrobotics_driver/config/max_130_config.yaml
[16.929s] -- Up-to-date: /home/anoushka/robot10x_ws/install/roverrobotics_driver/share/roverrobotics_driver/config/max_65_config.yaml
[16.929s] -- Up-to-date: /home/anoushka/robot10x_ws/install/roverrobotics_driver/share/roverrobotics_driver/config/ps5_controller_config_jp6.yaml
[16.929s] -- Up-to-date: /home/anoushka/robot10x_ws/install/roverrobotics_driver/share/roverrobotics_driver/config/rviz_configs
[16.929s] -- Up-to-date: /home/anoushka/robot10x_ws/install/roverrobotics_driver/share/roverrobotics_driver/config/rviz_configs/slam_rviz_layout.rviz
[16.929s] -- Up-to-date: /home/anoushka/robot10x_ws/install/roverrobotics_driver/share/roverrobotics_driver/config/rviz_configs/nav2_default_view.rviz
[16.929s] -- Up-to-date: /home/anoushka/robot10x_ws/install/roverrobotics_driver/share/roverrobotics_driver/config/rviz_configs/realsense_rviz_layout.rviz
[16.929s] -- Up-to-date: /home/anoushka/robot10x_ws/install/roverrobotics_driver/share/roverrobotics_driver/config/localization_outdoor_ekf.yaml
[16.929s] -- Up-to-date: /home/anoushka/robot10x_ws/install/roverrobotics_driver/share/roverrobotics_driver/config/nav2_params.yaml
[16.929s] -- Up-to-date: /home/anoushka/robot10x_ws/install/roverrobotics_driver/share/roverrobotics_driver/config/slam_configs
[16.930s] -- Up-to-date: /home/anoushka/robot10x_ws/install/roverrobotics_driver/share/roverrobotics_driver/config/slam_configs/mapper_params_online_sync.yaml
[16.930s] -- Up-to-date: /home/anoushka/robot10x_ws/install/roverrobotics_driver/share/roverrobotics_driver/config/slam_configs/mapper_params_lifelong.yaml
[16.930s] -- Up-to-date: /home/anoushka/robot10x_ws/install/roverrobotics_driver/share/roverrobotics_driver/config/slam_configs/mapper_params_offline.yaml
[16.930s] -- Up-to-date: /home/anoushka/robot10x_ws/install/roverrobotics_driver/share/roverrobotics_driver/config/slam_configs/mapper_params_online_async.yaml
[16.931s] -- Up-to-date: /home/anoushka/robot10x_ws/install/roverrobotics_driver/share/roverrobotics_driver/config/slam_configs/mapper_params_localization.yaml
[16.931s] -- Up-to-date: /home/anoushka/robot10x_ws/install/roverrobotics_driver/share/roverrobotics_driver/config/ps4_controller_config_jp6.yaml
[16.931s] -- Up-to-date: /home/anoushka/robot10x_ws/install/roverrobotics_driver/share/roverrobotics_driver/config/zero_config.yaml
[16.931s] -- Up-to-date: /home/anoushka/robot10x_ws/install/roverrobotics_driver/share/roverrobotics_driver/config/max_100_config.yaml
[16.931s] -- Up-to-date: /home/anoushka/robot10x_ws/install/roverrobotics_driver/share/roverrobotics_driver/config/topics.yaml
[16.931s] -- Up-to-date: /home/anoushka/robot10x_ws/install/roverrobotics_driver/share/roverrobotics_driver/maps
[16.931s] -- Up-to-date: /home/anoushka/robot10x_ws/install/roverrobotics_driver/share/roverrobotics_driver/maps/maze_map.data
[16.931s] -- Up-to-date: /home/anoushka/robot10x_ws/install/roverrobotics_driver/share/roverrobotics_driver/maps/maze_map.pgm
[16.931s] -- Up-to-date: /home/anoushka/robot10x_ws/install/roverrobotics_driver/share/roverrobotics_driver/maps/maze_map.yaml
[16.931s] -- Up-to-date: /home/anoushka/robot10x_ws/install/roverrobotics_driver/share/roverrobotics_driver/maps/maze_map.posegraph
[16.933s] -- Installing: /home/anoushka/robot10x_ws/install/roverrobotics_driver/lib/roverrobotics_driver/roverrobotics_driver
[16.947s] -- Set runtime path of "/home/anoushka/robot10x_ws/install/roverrobotics_driver/lib/roverrobotics_driver/roverrobotics_driver" to ""
[16.947s] -- Up-to-date: /home/anoushka/robot10x_ws/install/roverrobotics_driver/share/ament_index/resource_index/package_run_dependencies/roverrobotics_driver
[16.947s] -- Up-to-date: /home/anoushka/robot10x_ws/install/roverrobotics_driver/share/ament_index/resource_index/parent_prefix_path/roverrobotics_driver
[16.947s] -- Up-to-date: /home/anoushka/robot10x_ws/install/roverrobotics_driver/share/roverrobotics_driver/environment/ament_prefix_path.sh
[16.948s] -- Up-to-date: /home/anoushka/robot10x_ws/install/roverrobotics_driver/share/roverrobotics_driver/environment/ament_prefix_path.dsv
[16.948s] -- Up-to-date: /home/anoushka/robot10x_ws/install/roverrobotics_driver/share/roverrobotics_driver/environment/path.sh
[16.948s] -- Up-to-date: /home/anoushka/robot10x_ws/install/roverrobotics_driver/share/roverrobotics_driver/environment/path.dsv
[16.948s] -- Up-to-date: /home/anoushka/robot10x_ws/install/roverrobotics_driver/share/roverrobotics_driver/local_setup.bash
[16.948s] -- Up-to-date: /home/anoushka/robot10x_ws/install/roverrobotics_driver/share/roverrobotics_driver/local_setup.sh
[16.948s] -- Up-to-date: /home/anoushka/robot10x_ws/install/roverrobotics_driver/share/roverrobotics_driver/local_setup.zsh
[16.948s] -- Up-to-date: /home/anoushka/robot10x_ws/install/roverrobotics_driver/share/roverrobotics_driver/local_setup.dsv
[16.948s] -- Installing: /home/anoushka/robot10x_ws/install/roverrobotics_driver/share/roverrobotics_driver/package.dsv
[16.948s] -- Up-to-date: /home/anoushka/robot10x_ws/install/roverrobotics_driver/share/ament_index/resource_index/packages/roverrobotics_driver
[16.948s] -- Up-to-date: /home/anoushka/robot10x_ws/install/roverrobotics_driver/share/roverrobotics_driver/cmake/roverrobotics_driverConfig.cmake
[16.948s] -- Up-to-date: /home/anoushka/robot10x_ws/install/roverrobotics_driver/share/roverrobotics_driver/cmake/roverrobotics_driverConfig-version.cmake
[16.948s] -- Up-to-date: /home/anoushka/robot10x_ws/install/roverrobotics_driver/share/roverrobotics_driver/package.xml
[16.951s] Invoked command in '/home/anoushka/robot10x_ws/build/roverrobotics_driver' returned '0': CMAKE_PREFIX_PATH=${CMAKE_PREFIX_PATH}:/home/anoushka/rover_workspace/install/bno055:/opt/ros/humble /usr/bin/cmake --install /home/anoushka/robot10x_ws/build/roverrobotics_driver
