[0.133s] DEBUG:colcon:Command line arguments: ['/usr/bin/colcon', 'build']
[0.133s] DEBUG:colcon:Parsed command line arguments: Namespace(log_base=None, log_level=None, verb_name='build', build_base='build', install_base='install', merge_install=False, symlink_install=False, test_result_base=None, continue_on_error=False, executor='parallel', parallel_workers=8, event_handlers=None, ignore_user_meta=False, metas=['./colcon.meta'], base_paths=['.'], packages_ignore=None, packages_ignore_regex=None, paths=None, packages_up_to=None, packages_up_to_regex=None, packages_above=None, packages_above_and_dependencies=None, packages_above_depth=None, packages_select_by_dep=None, packages_skip_by_dep=None, packages_skip_up_to=None, packages_select_build_failed=False, packages_skip_build_finished=False, packages_select_test_failures=False, packages_skip_test_passed=False, packages_select=None, packages_skip=None, packages_select_regex=None, packages_skip_regex=None, packages_start=None, packages_end=None, allow_overriding=[], cmake_args=None, cmake_target=None, cmake_target_skip_unavailable=False, cmake_clean_cache=False, cmake_clean_first=False, cmake_force_configure=False, ament_cmake_args=None, catkin_cmake_args=None, catkin_skip_building_tests=False, mixin_files=None, mixin=None, verb_parser=<colcon_mixin.mixin.mixin_argument.MixinArgumentDecorator object at 0xf6c53537dba0>, verb_extension=<colcon_core.verb.build.BuildVerb object at 0xf6c53537d4b0>, main=<bound method BuildVerb.main of <colcon_core.verb.build.BuildVerb object at 0xf6c53537d4b0>>, mixin_verb=('build',))
[0.282s] Level 1:colcon.colcon_core.package_discovery:discover_packages(colcon_meta) check parameters
[0.282s] Level 1:colcon.colcon_core.package_discovery:discover_packages(recursive) check parameters
[0.282s] Level 1:colcon.colcon_core.package_discovery:discover_packages(ignore) check parameters
[0.282s] Level 1:colcon.colcon_core.package_discovery:discover_packages(path) check parameters
[0.282s] Level 1:colcon.colcon_core.package_discovery:discover_packages(colcon_meta) discover
[0.282s] Level 1:colcon.colcon_core.package_discovery:discover_packages(recursive) discover
[0.282s] INFO:colcon.colcon_core.package_discovery:Crawling recursively for packages in '/home/anoushka/robot10x_ws'
[0.282s] Level 1:colcon.colcon_core.package_identification:_identify(.) by extensions ['ignore', 'ignore_ament_install']
[0.282s] Level 1:colcon.colcon_core.package_identification:_identify(.) by extension 'ignore'
[0.282s] Level 1:colcon.colcon_core.package_identification:_identify(.) by extension 'ignore_ament_install'
[0.283s] Level 1:colcon.colcon_core.package_identification:_identify(.) by extensions ['colcon_pkg']
[0.283s] Level 1:colcon.colcon_core.package_identification:_identify(.) by extension 'colcon_pkg'
[0.283s] Level 1:colcon.colcon_core.package_identification:_identify(.) by extensions ['colcon_meta']
[0.283s] Level 1:colcon.colcon_core.package_identification:_identify(.) by extension 'colcon_meta'
[0.283s] Level 1:colcon.colcon_core.package_identification:_identify(.) by extensions ['ros']
[0.283s] Level 1:colcon.colcon_core.package_identification:_identify(.) by extension 'ros'
[0.295s] Level 1:colcon.colcon_core.package_identification:_identify(.) by extensions ['cmake', 'python']
[0.295s] Level 1:colcon.colcon_core.package_identification:_identify(.) by extension 'cmake'
[0.295s] Level 1:colcon.colcon_core.package_identification:_identify(.) by extension 'python'
[0.295s] Level 1:colcon.colcon_core.package_identification:_identify(.) by extensions ['python_setup_py']
[0.295s] Level 1:colcon.colcon_core.package_identification:_identify(.) by extension 'python_setup_py'
[0.295s] Level 1:colcon.colcon_core.package_identification:_identify(build) by extensions ['ignore', 'ignore_ament_install']
[0.295s] Level 1:colcon.colcon_core.package_identification:_identify(build) by extension 'ignore'
[0.295s] Level 1:colcon.colcon_core.package_identification:_identify(build) ignored
[0.296s] Level 1:colcon.colcon_core.package_identification:_identify(install) by extensions ['ignore', 'ignore_ament_install']
[0.296s] Level 1:colcon.colcon_core.package_identification:_identify(install) by extension 'ignore'
[0.296s] Level 1:colcon.colcon_core.package_identification:_identify(install) ignored
[0.296s] Level 1:colcon.colcon_core.package_identification:_identify(log) by extensions ['ignore', 'ignore_ament_install']
[0.296s] Level 1:colcon.colcon_core.package_identification:_identify(log) by extension 'ignore'
[0.296s] Level 1:colcon.colcon_core.package_identification:_identify(log) ignored
[0.296s] Level 1:colcon.colcon_core.package_identification:_identify(src) by extensions ['ignore', 'ignore_ament_install']
[0.296s] Level 1:colcon.colcon_core.package_identification:_identify(src) by extension 'ignore'
[0.296s] Level 1:colcon.colcon_core.package_identification:_identify(src) by extension 'ignore_ament_install'
[0.296s] Level 1:colcon.colcon_core.package_identification:_identify(src) by extensions ['colcon_pkg']
[0.296s] Level 1:colcon.colcon_core.package_identification:_identify(src) by extension 'colcon_pkg'
[0.296s] Level 1:colcon.colcon_core.package_identification:_identify(src) by extensions ['colcon_meta']
[0.296s] Level 1:colcon.colcon_core.package_identification:_identify(src) by extension 'colcon_meta'
[0.296s] Level 1:colcon.colcon_core.package_identification:_identify(src) by extensions ['ros']
[0.296s] Level 1:colcon.colcon_core.package_identification:_identify(src) by extension 'ros'
[0.296s] Level 1:colcon.colcon_core.package_identification:_identify(src) by extensions ['cmake', 'python']
[0.296s] Level 1:colcon.colcon_core.package_identification:_identify(src) by extension 'cmake'
[0.296s] Level 1:colcon.colcon_core.package_identification:_identify(src) by extension 'python'
[0.296s] Level 1:colcon.colcon_core.package_identification:_identify(src) by extensions ['python_setup_py']
[0.296s] Level 1:colcon.colcon_core.package_identification:_identify(src) by extension 'python_setup_py'
[0.296s] Level 1:colcon.colcon_core.package_identification:_identify(src/roverrobotics_ros2) by extensions ['ignore', 'ignore_ament_install']
[0.296s] Level 1:colcon.colcon_core.package_identification:_identify(src/roverrobotics_ros2) by extension 'ignore'
[0.296s] Level 1:colcon.colcon_core.package_identification:_identify(src/roverrobotics_ros2) by extension 'ignore_ament_install'
[0.296s] Level 1:colcon.colcon_core.package_identification:_identify(src/roverrobotics_ros2) by extensions ['colcon_pkg']
[0.296s] Level 1:colcon.colcon_core.package_identification:_identify(src/roverrobotics_ros2) by extension 'colcon_pkg'
[0.296s] Level 1:colcon.colcon_core.package_identification:_identify(src/roverrobotics_ros2) by extensions ['colcon_meta']
[0.296s] Level 1:colcon.colcon_core.package_identification:_identify(src/roverrobotics_ros2) by extension 'colcon_meta'
[0.296s] Level 1:colcon.colcon_core.package_identification:_identify(src/roverrobotics_ros2) by extensions ['ros']
[0.296s] Level 1:colcon.colcon_core.package_identification:_identify(src/roverrobotics_ros2) by extension 'ros'
[0.296s] Level 1:colcon.colcon_core.package_identification:_identify(src/roverrobotics_ros2) by extensions ['cmake', 'python']
[0.296s] Level 1:colcon.colcon_core.package_identification:_identify(src/roverrobotics_ros2) by extension 'cmake'
[0.297s] Level 1:colcon.colcon_core.package_identification:_identify(src/roverrobotics_ros2) by extension 'python'
[0.297s] Level 1:colcon.colcon_core.package_identification:_identify(src/roverrobotics_ros2) by extensions ['python_setup_py']
[0.297s] Level 1:colcon.colcon_core.package_identification:_identify(src/roverrobotics_ros2) by extension 'python_setup_py'
[0.297s] Level 1:colcon.colcon_core.package_identification:_identify(src/roverrobotics_ros2/roverrobotics_description) by extensions ['ignore', 'ignore_ament_install']
[0.297s] Level 1:colcon.colcon_core.package_identification:_identify(src/roverrobotics_ros2/roverrobotics_description) by extension 'ignore'
[0.297s] Level 1:colcon.colcon_core.package_identification:_identify(src/roverrobotics_ros2/roverrobotics_description) by extension 'ignore_ament_install'
[0.297s] Level 1:colcon.colcon_core.package_identification:_identify(src/roverrobotics_ros2/roverrobotics_description) by extensions ['colcon_pkg']
[0.297s] Level 1:colcon.colcon_core.package_identification:_identify(src/roverrobotics_ros2/roverrobotics_description) by extension 'colcon_pkg'
[0.297s] Level 1:colcon.colcon_core.package_identification:_identify(src/roverrobotics_ros2/roverrobotics_description) by extensions ['colcon_meta']
[0.297s] Level 1:colcon.colcon_core.package_identification:_identify(src/roverrobotics_ros2/roverrobotics_description) by extension 'colcon_meta'
[0.297s] Level 1:colcon.colcon_core.package_identification:_identify(src/roverrobotics_ros2/roverrobotics_description) by extensions ['ros']
[0.297s] Level 1:colcon.colcon_core.package_identification:_identify(src/roverrobotics_ros2/roverrobotics_description) by extension 'ros'
[0.300s] DEBUG:colcon.colcon_core.package_identification:Package 'src/roverrobotics_ros2/roverrobotics_description' with type 'ros.ament_cmake' and name 'roverrobotics_description'
[0.300s] Level 1:colcon.colcon_core.package_identification:_identify(src/roverrobotics_ros2/roverrobotics_driver) by extensions ['ignore', 'ignore_ament_install']
[0.300s] Level 1:colcon.colcon_core.package_identification:_identify(src/roverrobotics_ros2/roverrobotics_driver) by extension 'ignore'
[0.300s] Level 1:colcon.colcon_core.package_identification:_identify(src/roverrobotics_ros2/roverrobotics_driver) by extension 'ignore_ament_install'
[0.300s] Level 1:colcon.colcon_core.package_identification:_identify(src/roverrobotics_ros2/roverrobotics_driver) by extensions ['colcon_pkg']
[0.300s] Level 1:colcon.colcon_core.package_identification:_identify(src/roverrobotics_ros2/roverrobotics_driver) by extension 'colcon_pkg'
[0.300s] Level 1:colcon.colcon_core.package_identification:_identify(src/roverrobotics_ros2/roverrobotics_driver) by extensions ['colcon_meta']
[0.300s] Level 1:colcon.colcon_core.package_identification:_identify(src/roverrobotics_ros2/roverrobotics_driver) by extension 'colcon_meta'
[0.300s] Level 1:colcon.colcon_core.package_identification:_identify(src/roverrobotics_ros2/roverrobotics_driver) by extensions ['ros']
[0.300s] Level 1:colcon.colcon_core.package_identification:_identify(src/roverrobotics_ros2/roverrobotics_driver) by extension 'ros'
[0.301s] DEBUG:colcon.colcon_core.package_identification:Package 'src/roverrobotics_ros2/roverrobotics_driver' with type 'ros.ament_cmake' and name 'roverrobotics_driver'
[0.301s] Level 1:colcon.colcon_core.package_identification:_identify(src/roverrobotics_ros2/roverrobotics_gazebo) by extensions ['ignore', 'ignore_ament_install']
[0.301s] Level 1:colcon.colcon_core.package_identification:_identify(src/roverrobotics_ros2/roverrobotics_gazebo) by extension 'ignore'
[0.301s] Level 1:colcon.colcon_core.package_identification:_identify(src/roverrobotics_ros2/roverrobotics_gazebo) by extension 'ignore_ament_install'
[0.301s] Level 1:colcon.colcon_core.package_identification:_identify(src/roverrobotics_ros2/roverrobotics_gazebo) by extensions ['colcon_pkg']
[0.301s] Level 1:colcon.colcon_core.package_identification:_identify(src/roverrobotics_ros2/roverrobotics_gazebo) by extension 'colcon_pkg'
[0.301s] Level 1:colcon.colcon_core.package_identification:_identify(src/roverrobotics_ros2/roverrobotics_gazebo) by extensions ['colcon_meta']
[0.301s] Level 1:colcon.colcon_core.package_identification:_identify(src/roverrobotics_ros2/roverrobotics_gazebo) by extension 'colcon_meta'
[0.301s] Level 1:colcon.colcon_core.package_identification:_identify(src/roverrobotics_ros2/roverrobotics_gazebo) by extensions ['ros']
[0.301s] Level 1:colcon.colcon_core.package_identification:_identify(src/roverrobotics_ros2/roverrobotics_gazebo) by extension 'ros'
[0.302s] DEBUG:colcon.colcon_core.package_identification:Package 'src/roverrobotics_ros2/roverrobotics_gazebo' with type 'ros.ament_cmake' and name 'roverrobotics_gazebo'
[0.302s] Level 1:colcon.colcon_core.package_identification:_identify(src/roverrobotics_ros2/roverrobotics_input_manager) by extensions ['ignore', 'ignore_ament_install']
[0.302s] Level 1:colcon.colcon_core.package_identification:_identify(src/roverrobotics_ros2/roverrobotics_input_manager) by extension 'ignore'
[0.302s] Level 1:colcon.colcon_core.package_identification:_identify(src/roverrobotics_ros2/roverrobotics_input_manager) by extension 'ignore_ament_install'
[0.302s] Level 1:colcon.colcon_core.package_identification:_identify(src/roverrobotics_ros2/roverrobotics_input_manager) by extensions ['colcon_pkg']
[0.302s] Level 1:colcon.colcon_core.package_identification:_identify(src/roverrobotics_ros2/roverrobotics_input_manager) by extension 'colcon_pkg'
[0.302s] Level 1:colcon.colcon_core.package_identification:_identify(src/roverrobotics_ros2/roverrobotics_input_manager) by extensions ['colcon_meta']
[0.302s] Level 1:colcon.colcon_core.package_identification:_identify(src/roverrobotics_ros2/roverrobotics_input_manager) by extension 'colcon_meta'
[0.302s] Level 1:colcon.colcon_core.package_identification:_identify(src/roverrobotics_ros2/roverrobotics_input_manager) by extensions ['ros']
[0.302s] Level 1:colcon.colcon_core.package_identification:_identify(src/roverrobotics_ros2/roverrobotics_input_manager) by extension 'ros'
[0.303s] DEBUG:colcon.colcon_core.package_identification:Package 'src/roverrobotics_ros2/roverrobotics_input_manager' with type 'ros.ament_cmake' and name 'roverrobotics_input_manager'
[0.303s] Level 1:colcon.colcon_core.package_discovery:discover_packages(recursive) using defaults
[0.303s] Level 1:colcon.colcon_core.package_discovery:discover_packages(ignore) discover
[0.303s] Level 1:colcon.colcon_core.package_discovery:discover_packages(ignore) using defaults
[0.303s] Level 1:colcon.colcon_core.package_discovery:discover_packages(path) discover
[0.303s] Level 1:colcon.colcon_core.package_discovery:discover_packages(path) using defaults
[0.333s] Level 1:colcon.colcon_core.package_discovery:discover_packages(prefix_path) check parameters
[0.333s] Level 1:colcon.colcon_core.package_discovery:discover_packages(prefix_path) discover
[0.340s] DEBUG:colcon.colcon_installed_package_information.package_discovery:Found 0 installed packages in /home/anoushka/robot10x_ws/install
[0.340s] DEBUG:colcon.colcon_installed_package_information.package_discovery:Found 2 installed packages in /home/anoushka/planning_ws/install
[0.342s] DEBUG:colcon.colcon_installed_package_information.package_discovery:Found 5 installed packages in /home/anoushka/tennis_buddy/tennisbuddy/install
[0.344s] DEBUG:colcon.colcon_installed_package_information.package_discovery:Found 6 installed packages in /home/anoushka/rover_workspace/install
[0.346s] DEBUG:colcon.colcon_installed_package_information.package_discovery:Found 419 installed packages in /opt/ros/humble
[0.348s] Level 1:colcon.colcon_core.package_discovery:discover_packages(prefix_path) using defaults
[0.404s] Level 5:colcon.colcon_core.verb:set package 'roverrobotics_description' build argument 'cmake_args' from command line to 'None'
[0.405s] Level 5:colcon.colcon_core.verb:set package 'roverrobotics_description' build argument 'cmake_target' from command line to 'None'
[0.405s] Level 5:colcon.colcon_core.verb:set package 'roverrobotics_description' build argument 'cmake_target_skip_unavailable' from command line to 'False'
[0.405s] Level 5:colcon.colcon_core.verb:set package 'roverrobotics_description' build argument 'cmake_clean_cache' from command line to 'False'
[0.405s] Level 5:colcon.colcon_core.verb:set package 'roverrobotics_description' build argument 'cmake_clean_first' from command line to 'False'
[0.405s] Level 5:colcon.colcon_core.verb:set package 'roverrobotics_description' build argument 'cmake_force_configure' from command line to 'False'
[0.405s] Level 5:colcon.colcon_core.verb:set package 'roverrobotics_description' build argument 'ament_cmake_args' from command line to 'None'
[0.405s] Level 5:colcon.colcon_core.verb:set package 'roverrobotics_description' build argument 'catkin_cmake_args' from command line to 'None'
[0.405s] Level 5:colcon.colcon_core.verb:set package 'roverrobotics_description' build argument 'catkin_skip_building_tests' from command line to 'False'
[0.405s] DEBUG:colcon.colcon_core.verb:Building package 'roverrobotics_description' with the following arguments: {'ament_cmake_args': None, 'build_base': '/home/anoushka/robot10x_ws/build/roverrobotics_description', 'catkin_cmake_args': None, 'catkin_skip_building_tests': False, 'cmake_args': None, 'cmake_clean_cache': False, 'cmake_clean_first': False, 'cmake_force_configure': False, 'cmake_target': None, 'cmake_target_skip_unavailable': False, 'install_base': '/home/anoushka/robot10x_ws/install/roverrobotics_description', 'merge_install': False, 'path': '/home/anoushka/robot10x_ws/src/roverrobotics_ros2/roverrobotics_description', 'symlink_install': False, 'test_result_base': None}
[0.405s] Level 5:colcon.colcon_core.verb:set package 'roverrobotics_driver' build argument 'cmake_args' from command line to 'None'
[0.405s] Level 5:colcon.colcon_core.verb:set package 'roverrobotics_driver' build argument 'cmake_target' from command line to 'None'
[0.405s] Level 5:colcon.colcon_core.verb:set package 'roverrobotics_driver' build argument 'cmake_target_skip_unavailable' from command line to 'False'
[0.405s] Level 5:colcon.colcon_core.verb:set package 'roverrobotics_driver' build argument 'cmake_clean_cache' from command line to 'False'
[0.405s] Level 5:colcon.colcon_core.verb:set package 'roverrobotics_driver' build argument 'cmake_clean_first' from command line to 'False'
[0.405s] Level 5:colcon.colcon_core.verb:set package 'roverrobotics_driver' build argument 'cmake_force_configure' from command line to 'False'
[0.405s] Level 5:colcon.colcon_core.verb:set package 'roverrobotics_driver' build argument 'ament_cmake_args' from command line to 'None'
[0.405s] Level 5:colcon.colcon_core.verb:set package 'roverrobotics_driver' build argument 'catkin_cmake_args' from command line to 'None'
[0.405s] Level 5:colcon.colcon_core.verb:set package 'roverrobotics_driver' build argument 'catkin_skip_building_tests' from command line to 'False'
[0.405s] DEBUG:colcon.colcon_core.verb:Building package 'roverrobotics_driver' with the following arguments: {'ament_cmake_args': None, 'build_base': '/home/anoushka/robot10x_ws/build/roverrobotics_driver', 'catkin_cmake_args': None, 'catkin_skip_building_tests': False, 'cmake_args': None, 'cmake_clean_cache': False, 'cmake_clean_first': False, 'cmake_force_configure': False, 'cmake_target': None, 'cmake_target_skip_unavailable': False, 'install_base': '/home/anoushka/robot10x_ws/install/roverrobotics_driver', 'merge_install': False, 'path': '/home/anoushka/robot10x_ws/src/roverrobotics_ros2/roverrobotics_driver', 'symlink_install': False, 'test_result_base': None}
[0.405s] Level 5:colcon.colcon_core.verb:set package 'roverrobotics_input_manager' build argument 'cmake_args' from command line to 'None'
[0.405s] Level 5:colcon.colcon_core.verb:set package 'roverrobotics_input_manager' build argument 'cmake_target' from command line to 'None'
[0.405s] Level 5:colcon.colcon_core.verb:set package 'roverrobotics_input_manager' build argument 'cmake_target_skip_unavailable' from command line to 'False'
[0.405s] Level 5:colcon.colcon_core.verb:set package 'roverrobotics_input_manager' build argument 'cmake_clean_cache' from command line to 'False'
[0.405s] Level 5:colcon.colcon_core.verb:set package 'roverrobotics_input_manager' build argument 'cmake_clean_first' from command line to 'False'
[0.405s] Level 5:colcon.colcon_core.verb:set package 'roverrobotics_input_manager' build argument 'cmake_force_configure' from command line to 'False'
[0.405s] Level 5:colcon.colcon_core.verb:set package 'roverrobotics_input_manager' build argument 'ament_cmake_args' from command line to 'None'
[0.405s] Level 5:colcon.colcon_core.verb:set package 'roverrobotics_input_manager' build argument 'catkin_cmake_args' from command line to 'None'
[0.405s] Level 5:colcon.colcon_core.verb:set package 'roverrobotics_input_manager' build argument 'catkin_skip_building_tests' from command line to 'False'
[0.405s] DEBUG:colcon.colcon_core.verb:Building package 'roverrobotics_input_manager' with the following arguments: {'ament_cmake_args': None, 'build_base': '/home/anoushka/robot10x_ws/build/roverrobotics_input_manager', 'catkin_cmake_args': None, 'catkin_skip_building_tests': False, 'cmake_args': None, 'cmake_clean_cache': False, 'cmake_clean_first': False, 'cmake_force_configure': False, 'cmake_target': None, 'cmake_target_skip_unavailable': False, 'install_base': '/home/anoushka/robot10x_ws/install/roverrobotics_input_manager', 'merge_install': False, 'path': '/home/anoushka/robot10x_ws/src/roverrobotics_ros2/roverrobotics_input_manager', 'symlink_install': False, 'test_result_base': None}
[0.405s] Level 5:colcon.colcon_core.verb:set package 'roverrobotics_gazebo' build argument 'cmake_args' from command line to 'None'
[0.405s] Level 5:colcon.colcon_core.verb:set package 'roverrobotics_gazebo' build argument 'cmake_target' from command line to 'None'
[0.405s] Level 5:colcon.colcon_core.verb:set package 'roverrobotics_gazebo' build argument 'cmake_target_skip_unavailable' from command line to 'False'
[0.405s] Level 5:colcon.colcon_core.verb:set package 'roverrobotics_gazebo' build argument 'cmake_clean_cache' from command line to 'False'
[0.405s] Level 5:colcon.colcon_core.verb:set package 'roverrobotics_gazebo' build argument 'cmake_clean_first' from command line to 'False'
[0.405s] Level 5:colcon.colcon_core.verb:set package 'roverrobotics_gazebo' build argument 'cmake_force_configure' from command line to 'False'
[0.405s] Level 5:colcon.colcon_core.verb:set package 'roverrobotics_gazebo' build argument 'ament_cmake_args' from command line to 'None'
[0.405s] Level 5:colcon.colcon_core.verb:set package 'roverrobotics_gazebo' build argument 'catkin_cmake_args' from command line to 'None'
[0.405s] Level 5:colcon.colcon_core.verb:set package 'roverrobotics_gazebo' build argument 'catkin_skip_building_tests' from command line to 'False'
[0.405s] DEBUG:colcon.colcon_core.verb:Building package 'roverrobotics_gazebo' with the following arguments: {'ament_cmake_args': None, 'build_base': '/home/anoushka/robot10x_ws/build/roverrobotics_gazebo', 'catkin_cmake_args': None, 'catkin_skip_building_tests': False, 'cmake_args': None, 'cmake_clean_cache': False, 'cmake_clean_first': False, 'cmake_force_configure': False, 'cmake_target': None, 'cmake_target_skip_unavailable': False, 'install_base': '/home/anoushka/robot10x_ws/install/roverrobotics_gazebo', 'merge_install': False, 'path': '/home/anoushka/robot10x_ws/src/roverrobotics_ros2/roverrobotics_gazebo', 'symlink_install': False, 'test_result_base': None}
[0.405s] INFO:colcon.colcon_core.executor:Executing jobs using 'parallel' executor
[0.406s] DEBUG:colcon.colcon_parallel_executor.executor.parallel:run_until_complete
[0.406s] INFO:colcon.colcon_ros.task.ament_cmake.build:Building ROS package in '/home/anoushka/robot10x_ws/src/roverrobotics_ros2/roverrobotics_description' with build type 'ament_cmake'
[0.406s] INFO:colcon.colcon_cmake.task.cmake.build:Building CMake package in '/home/anoushka/robot10x_ws/src/roverrobotics_ros2/roverrobotics_description'
[0.409s] INFO:colcon.colcon_core.plugin_system:Skipping extension 'colcon_core.shell.bat': Not used on non-Windows systems
[0.409s] INFO:colcon.colcon_core.shell:Skip shell extension 'powershell' for command environment: Not usable outside of PowerShell
[0.409s] DEBUG:colcon.colcon_core.shell:Skip shell extension 'dsv' for command environment
[0.413s] INFO:colcon.colcon_ros.task.ament_cmake.build:Building ROS package in '/home/anoushka/robot10x_ws/src/roverrobotics_ros2/roverrobotics_driver' with build type 'ament_cmake'
[0.413s] INFO:colcon.colcon_cmake.task.cmake.build:Building CMake package in '/home/anoushka/robot10x_ws/src/roverrobotics_ros2/roverrobotics_driver'
[0.413s] INFO:colcon.colcon_core.shell:Skip shell extension 'powershell' for command environment: Not usable outside of PowerShell
[0.413s] DEBUG:colcon.colcon_core.shell:Skip shell extension 'dsv' for command environment
[0.417s] INFO:colcon.colcon_ros.task.ament_cmake.build:Building ROS package in '/home/anoushka/robot10x_ws/src/roverrobotics_ros2/roverrobotics_input_manager' with build type 'ament_cmake'
[0.417s] INFO:colcon.colcon_cmake.task.cmake.build:Building CMake package in '/home/anoushka/robot10x_ws/src/roverrobotics_ros2/roverrobotics_input_manager'
[0.417s] INFO:colcon.colcon_core.shell:Skip shell extension 'powershell' for command environment: Not usable outside of PowerShell
[0.417s] DEBUG:colcon.colcon_core.shell:Skip shell extension 'dsv' for command environment
[0.431s] DEBUG:colcon.colcon_core.event_handler.log_command:Invoking command in '/home/anoushka/robot10x_ws/build/roverrobotics_description': CMAKE_PREFIX_PATH=${CMAKE_PREFIX_PATH}:/home/anoushka/rover_workspace/install/bno055:/opt/ros/humble /usr/bin/cmake /home/anoushka/robot10x_ws/src/roverrobotics_ros2/roverrobotics_description -DCMAKE_INSTALL_PREFIX=/home/anoushka/robot10x_ws/install/roverrobotics_description
[0.463s] DEBUG:colcon.colcon_core.event_handler.log_command:Invoking command in '/home/anoushka/robot10x_ws/build/roverrobotics_driver': CMAKE_PREFIX_PATH=${CMAKE_PREFIX_PATH}:/home/anoushka/rover_workspace/install/bno055:/opt/ros/humble /usr/bin/cmake /home/anoushka/robot10x_ws/src/roverrobotics_ros2/roverrobotics_driver -DCMAKE_INSTALL_PREFIX=/home/anoushka/robot10x_ws/install/roverrobotics_driver
[0.468s] DEBUG:colcon.colcon_core.event_handler.log_command:Invoking command in '/home/anoushka/robot10x_ws/build/roverrobotics_input_manager': CMAKE_PREFIX_PATH=${CMAKE_PREFIX_PATH}:/home/anoushka/rover_workspace/install/bno055:/opt/ros/humble /usr/bin/cmake /home/anoushka/robot10x_ws/src/roverrobotics_ros2/roverrobotics_input_manager -DCMAKE_INSTALL_PREFIX=/home/anoushka/robot10x_ws/install/roverrobotics_input_manager
[1.598s] DEBUG:colcon.colcon_core.event_handler.log_command:Invoked command in '/home/anoushka/robot10x_ws/build/roverrobotics_input_manager' returned '0': CMAKE_PREFIX_PATH=${CMAKE_PREFIX_PATH}:/home/anoushka/rover_workspace/install/bno055:/opt/ros/humble /usr/bin/cmake /home/anoushka/robot10x_ws/src/roverrobotics_ros2/roverrobotics_input_manager -DCMAKE_INSTALL_PREFIX=/home/anoushka/robot10x_ws/install/roverrobotics_input_manager
[1.599s] DEBUG:colcon.colcon_core.event_handler.log_command:Invoking command in '/home/anoushka/robot10x_ws/build/roverrobotics_input_manager': CMAKE_PREFIX_PATH=${CMAKE_PREFIX_PATH}:/home/anoushka/rover_workspace/install/bno055:/opt/ros/humble /usr/bin/cmake --build /home/anoushka/robot10x_ws/build/roverrobotics_input_manager -- -j8 -l8
[1.605s] DEBUG:colcon.colcon_core.event_handler.log_command:Invoked command in '/home/anoushka/robot10x_ws/build/roverrobotics_description' returned '0': CMAKE_PREFIX_PATH=${CMAKE_PREFIX_PATH}:/home/anoushka/rover_workspace/install/bno055:/opt/ros/humble /usr/bin/cmake /home/anoushka/robot10x_ws/src/roverrobotics_ros2/roverrobotics_description -DCMAKE_INSTALL_PREFIX=/home/anoushka/robot10x_ws/install/roverrobotics_description
[1.606s] DEBUG:colcon.colcon_core.event_handler.log_command:Invoking command in '/home/anoushka/robot10x_ws/build/roverrobotics_description': CMAKE_PREFIX_PATH=${CMAKE_PREFIX_PATH}:/home/anoushka/rover_workspace/install/bno055:/opt/ros/humble /usr/bin/cmake --build /home/anoushka/robot10x_ws/build/roverrobotics_description -- -j8 -l8
[1.629s] DEBUG:colcon.colcon_core.event_handler.log_command:Invoked command in '/home/anoushka/robot10x_ws/build/roverrobotics_input_manager' returned '0': CMAKE_PREFIX_PATH=${CMAKE_PREFIX_PATH}:/home/anoushka/rover_workspace/install/bno055:/opt/ros/humble /usr/bin/cmake --build /home/anoushka/robot10x_ws/build/roverrobotics_input_manager -- -j8 -l8
[1.635s] DEBUG:colcon.colcon_core.event_handler.log_command:Invoking command in '/home/anoushka/robot10x_ws/build/roverrobotics_input_manager': CMAKE_PREFIX_PATH=${CMAKE_PREFIX_PATH}:/home/anoushka/rover_workspace/install/bno055:/opt/ros/humble /usr/bin/cmake --install /home/anoushka/robot10x_ws/build/roverrobotics_input_manager
[1.639s] DEBUG:colcon.colcon_core.event_handler.log_command:Invoked command in '/home/anoushka/robot10x_ws/build/roverrobotics_description' returned '0': CMAKE_PREFIX_PATH=${CMAKE_PREFIX_PATH}:/home/anoushka/rover_workspace/install/bno055:/opt/ros/humble /usr/bin/cmake --build /home/anoushka/robot10x_ws/build/roverrobotics_description -- -j8 -l8
[1.640s] DEBUG:colcon.colcon_core.event_handler.log_command:Invoking command in '/home/anoushka/robot10x_ws/build/roverrobotics_description': CMAKE_PREFIX_PATH=${CMAKE_PREFIX_PATH}:/home/anoushka/rover_workspace/install/bno055:/opt/ros/humble /usr/bin/cmake --install /home/anoushka/robot10x_ws/build/roverrobotics_description
[1.664s] Level 1:colcon.colcon_core.environment:create_environment_scripts_only(roverrobotics_input_manager)
[1.666s] DEBUG:colcon.colcon_core.event_handler.log_command:Invoked command in '/home/anoushka/robot10x_ws/build/roverrobotics_input_manager' returned '0': CMAKE_PREFIX_PATH=${CMAKE_PREFIX_PATH}:/home/anoushka/rover_workspace/install/bno055:/opt/ros/humble /usr/bin/cmake --install /home/anoushka/robot10x_ws/build/roverrobotics_input_manager
[1.672s] Level 1:colcon.colcon_core.environment:checking '/home/anoushka/robot10x_ws/install/roverrobotics_input_manager' for CMake module files
[1.672s] Level 1:colcon.colcon_core.environment:checking '/home/anoushka/robot10x_ws/install/roverrobotics_input_manager' for CMake config files
[1.672s] Level 1:colcon.colcon_core.shell:create_environment_hook('roverrobotics_input_manager', 'cmake_prefix_path')
[1.673s] INFO:colcon.colcon_core.shell:Creating environment hook '/home/anoushka/robot10x_ws/install/roverrobotics_input_manager/share/roverrobotics_input_manager/hook/cmake_prefix_path.ps1'
[1.674s] INFO:colcon.colcon_core.shell:Creating environment descriptor '/home/anoushka/robot10x_ws/install/roverrobotics_input_manager/share/roverrobotics_input_manager/hook/cmake_prefix_path.dsv'
[1.674s] INFO:colcon.colcon_core.shell:Creating environment hook '/home/anoushka/robot10x_ws/install/roverrobotics_input_manager/share/roverrobotics_input_manager/hook/cmake_prefix_path.sh'
[1.675s] Level 1:colcon.colcon_core.environment:checking '/home/anoushka/robot10x_ws/install/roverrobotics_input_manager/lib'
[1.675s] Level 1:colcon.colcon_core.environment:checking '/home/anoushka/robot10x_ws/install/roverrobotics_input_manager/bin'
[1.675s] Level 1:colcon.colcon_core.environment:checking '/home/anoushka/robot10x_ws/install/roverrobotics_input_manager/lib/pkgconfig/roverrobotics_input_manager.pc'
[1.675s] Level 1:colcon.colcon_core.environment:checking '/home/anoushka/robot10x_ws/install/roverrobotics_input_manager/lib/python3.10/site-packages'
[1.675s] Level 1:colcon.colcon_core.environment:checking '/home/anoushka/robot10x_ws/install/roverrobotics_input_manager/bin'
[1.675s] INFO:colcon.colcon_core.shell:Creating package script '/home/anoushka/robot10x_ws/install/roverrobotics_input_manager/share/roverrobotics_input_manager/package.ps1'
[1.676s] INFO:colcon.colcon_core.shell:Creating package descriptor '/home/anoushka/robot10x_ws/install/roverrobotics_input_manager/share/roverrobotics_input_manager/package.dsv'
[1.676s] INFO:colcon.colcon_core.shell:Creating package script '/home/anoushka/robot10x_ws/install/roverrobotics_input_manager/share/roverrobotics_input_manager/package.sh'
[1.677s] INFO:colcon.colcon_core.shell:Creating package script '/home/anoushka/robot10x_ws/install/roverrobotics_input_manager/share/roverrobotics_input_manager/package.bash'
[1.678s] INFO:colcon.colcon_core.shell:Creating package script '/home/anoushka/robot10x_ws/install/roverrobotics_input_manager/share/roverrobotics_input_manager/package.zsh'
[1.679s] Level 1:colcon.colcon_core.environment:create_file_with_runtime_dependencies(/home/anoushka/robot10x_ws/install/roverrobotics_input_manager/share/colcon-core/packages/roverrobotics_input_manager)
[1.680s] Level 1:colcon.colcon_core.environment:create_environment_scripts_only(roverrobotics_input_manager)
[1.680s] Level 1:colcon.colcon_core.environment:checking '/home/anoushka/robot10x_ws/install/roverrobotics_input_manager' for CMake module files
[1.680s] Level 1:colcon.colcon_core.environment:checking '/home/anoushka/robot10x_ws/install/roverrobotics_input_manager' for CMake config files
[1.680s] Level 1:colcon.colcon_core.shell:create_environment_hook('roverrobotics_input_manager', 'cmake_prefix_path')
[1.680s] INFO:colcon.colcon_core.shell:Creating environment hook '/home/anoushka/robot10x_ws/install/roverrobotics_input_manager/share/roverrobotics_input_manager/hook/cmake_prefix_path.ps1'
[1.681s] INFO:colcon.colcon_core.shell:Creating environment descriptor '/home/anoushka/robot10x_ws/install/roverrobotics_input_manager/share/roverrobotics_input_manager/hook/cmake_prefix_path.dsv'
[1.681s] INFO:colcon.colcon_core.shell:Creating environment hook '/home/anoushka/robot10x_ws/install/roverrobotics_input_manager/share/roverrobotics_input_manager/hook/cmake_prefix_path.sh'
[1.681s] Level 1:colcon.colcon_core.environment:checking '/home/anoushka/robot10x_ws/install/roverrobotics_input_manager/lib'
[1.681s] Level 1:colcon.colcon_core.environment:checking '/home/anoushka/robot10x_ws/install/roverrobotics_input_manager/bin'
[1.681s] Level 1:colcon.colcon_core.environment:checking '/home/anoushka/robot10x_ws/install/roverrobotics_input_manager/lib/pkgconfig/roverrobotics_input_manager.pc'
[1.682s] Level 1:colcon.colcon_core.environment:checking '/home/anoushka/robot10x_ws/install/roverrobotics_input_manager/lib/python3.10/site-packages'
[1.682s] Level 1:colcon.colcon_core.environment:checking '/home/anoushka/robot10x_ws/install/roverrobotics_input_manager/bin'
[1.682s] INFO:colcon.colcon_core.shell:Creating package script '/home/anoushka/robot10x_ws/install/roverrobotics_input_manager/share/roverrobotics_input_manager/package.ps1'
[1.682s] INFO:colcon.colcon_core.shell:Creating package descriptor '/home/anoushka/robot10x_ws/install/roverrobotics_input_manager/share/roverrobotics_input_manager/package.dsv'
[1.682s] INFO:colcon.colcon_core.shell:Creating package script '/home/anoushka/robot10x_ws/install/roverrobotics_input_manager/share/roverrobotics_input_manager/package.sh'
[1.683s] INFO:colcon.colcon_core.shell:Creating package script '/home/anoushka/robot10x_ws/install/roverrobotics_input_manager/share/roverrobotics_input_manager/package.bash'
[1.683s] INFO:colcon.colcon_core.shell:Creating package script '/home/anoushka/robot10x_ws/install/roverrobotics_input_manager/share/roverrobotics_input_manager/package.zsh'
[1.683s] Level 1:colcon.colcon_core.environment:create_file_with_runtime_dependencies(/home/anoushka/robot10x_ws/install/roverrobotics_input_manager/share/colcon-core/packages/roverrobotics_input_manager)
[2.647s] DEBUG:colcon.colcon_core.event_handler.log_command:Invoked command in '/home/anoushka/robot10x_ws/build/roverrobotics_driver' returned '0': CMAKE_PREFIX_PATH=${CMAKE_PREFIX_PATH}:/home/anoushka/rover_workspace/install/bno055:/opt/ros/humble /usr/bin/cmake /home/anoushka/robot10x_ws/src/roverrobotics_ros2/roverrobotics_driver -DCMAKE_INSTALL_PREFIX=/home/anoushka/robot10x_ws/install/roverrobotics_driver
[2.648s] DEBUG:colcon.colcon_core.event_handler.log_command:Invoking command in '/home/anoushka/robot10x_ws/build/roverrobotics_driver': CMAKE_PREFIX_PATH=${CMAKE_PREFIX_PATH}:/home/anoushka/rover_workspace/install/bno055:/opt/ros/humble /usr/bin/cmake --build /home/anoushka/robot10x_ws/build/roverrobotics_driver -- -j8 -l8
[3.044s] Level 1:colcon.colcon_core.environment:create_environment_scripts_only(roverrobotics_description)
[3.044s] DEBUG:colcon.colcon_core.event_handler.log_command:Invoked command in '/home/anoushka/robot10x_ws/build/roverrobotics_description' returned '0': CMAKE_PREFIX_PATH=${CMAKE_PREFIX_PATH}:/home/anoushka/rover_workspace/install/bno055:/opt/ros/humble /usr/bin/cmake --install /home/anoushka/robot10x_ws/build/roverrobotics_description
[3.048s] Level 1:colcon.colcon_core.environment:checking '/home/anoushka/robot10x_ws/install/roverrobotics_description' for CMake module files
[3.055s] Level 1:colcon.colcon_core.environment:checking '/home/anoushka/robot10x_ws/install/roverrobotics_description' for CMake config files
[3.055s] Level 1:colcon.colcon_core.shell:create_environment_hook('roverrobotics_description', 'cmake_prefix_path')
[3.055s] INFO:colcon.colcon_core.shell:Creating environment hook '/home/anoushka/robot10x_ws/install/roverrobotics_description/share/roverrobotics_description/hook/cmake_prefix_path.ps1'
[3.056s] INFO:colcon.colcon_core.shell:Creating environment descriptor '/home/anoushka/robot10x_ws/install/roverrobotics_description/share/roverrobotics_description/hook/cmake_prefix_path.dsv'
[3.058s] INFO:colcon.colcon_core.shell:Creating environment hook '/home/anoushka/robot10x_ws/install/roverrobotics_description/share/roverrobotics_description/hook/cmake_prefix_path.sh'
[3.059s] Level 1:colcon.colcon_core.environment:checking '/home/anoushka/robot10x_ws/install/roverrobotics_description/bin'
[3.059s] Level 1:colcon.colcon_core.environment:checking '/home/anoushka/robot10x_ws/install/roverrobotics_description/lib/pkgconfig/roverrobotics_description.pc'
[3.060s] Level 1:colcon.colcon_core.environment:checking '/home/anoushka/robot10x_ws/install/roverrobotics_description/lib/python3.10/site-packages'
[3.061s] Level 1:colcon.colcon_core.environment:checking '/home/anoushka/robot10x_ws/install/roverrobotics_description/bin'
[3.061s] INFO:colcon.colcon_core.shell:Creating package script '/home/anoushka/robot10x_ws/install/roverrobotics_description/share/roverrobotics_description/package.ps1'
[3.062s] INFO:colcon.colcon_core.shell:Creating package descriptor '/home/anoushka/robot10x_ws/install/roverrobotics_description/share/roverrobotics_description/package.dsv'
[3.062s] INFO:colcon.colcon_core.shell:Creating package script '/home/anoushka/robot10x_ws/install/roverrobotics_description/share/roverrobotics_description/package.sh'
[3.065s] INFO:colcon.colcon_core.shell:Creating package script '/home/anoushka/robot10x_ws/install/roverrobotics_description/share/roverrobotics_description/package.bash'
[3.065s] INFO:colcon.colcon_core.shell:Creating package script '/home/anoushka/robot10x_ws/install/roverrobotics_description/share/roverrobotics_description/package.zsh'
[3.066s] Level 1:colcon.colcon_core.environment:create_file_with_runtime_dependencies(/home/anoushka/robot10x_ws/install/roverrobotics_description/share/colcon-core/packages/roverrobotics_description)
[3.067s] Level 1:colcon.colcon_core.environment:create_environment_scripts_only(roverrobotics_description)
[3.067s] Level 1:colcon.colcon_core.environment:checking '/home/anoushka/robot10x_ws/install/roverrobotics_description' for CMake module files
[3.067s] Level 1:colcon.colcon_core.environment:checking '/home/anoushka/robot10x_ws/install/roverrobotics_description' for CMake config files
[3.067s] Level 1:colcon.colcon_core.shell:create_environment_hook('roverrobotics_description', 'cmake_prefix_path')
[3.068s] INFO:colcon.colcon_core.shell:Creating environment hook '/home/anoushka/robot10x_ws/install/roverrobotics_description/share/roverrobotics_description/hook/cmake_prefix_path.ps1'
[3.068s] INFO:colcon.colcon_core.shell:Creating environment descriptor '/home/anoushka/robot10x_ws/install/roverrobotics_description/share/roverrobotics_description/hook/cmake_prefix_path.dsv'
[3.068s] INFO:colcon.colcon_core.shell:Creating environment hook '/home/anoushka/robot10x_ws/install/roverrobotics_description/share/roverrobotics_description/hook/cmake_prefix_path.sh'
[3.069s] Level 1:colcon.colcon_core.environment:checking '/home/anoushka/robot10x_ws/install/roverrobotics_description/bin'
[3.069s] Level 1:colcon.colcon_core.environment:checking '/home/anoushka/robot10x_ws/install/roverrobotics_description/lib/pkgconfig/roverrobotics_description.pc'
[3.069s] Level 1:colcon.colcon_core.environment:checking '/home/anoushka/robot10x_ws/install/roverrobotics_description/lib/python3.10/site-packages'
[3.074s] Level 1:colcon.colcon_core.environment:checking '/home/anoushka/robot10x_ws/install/roverrobotics_description/bin'
[3.074s] INFO:colcon.colcon_core.shell:Creating package script '/home/anoushka/robot10x_ws/install/roverrobotics_description/share/roverrobotics_description/package.ps1'
[3.074s] INFO:colcon.colcon_core.shell:Creating package descriptor '/home/anoushka/robot10x_ws/install/roverrobotics_description/share/roverrobotics_description/package.dsv'
[3.074s] INFO:colcon.colcon_core.shell:Creating package script '/home/anoushka/robot10x_ws/install/roverrobotics_description/share/roverrobotics_description/package.sh'
[3.075s] INFO:colcon.colcon_core.shell:Creating package script '/home/anoushka/robot10x_ws/install/roverrobotics_description/share/roverrobotics_description/package.bash'
[3.075s] INFO:colcon.colcon_core.shell:Creating package script '/home/anoushka/robot10x_ws/install/roverrobotics_description/share/roverrobotics_description/package.zsh'
[3.076s] Level 1:colcon.colcon_core.environment:create_file_with_runtime_dependencies(/home/anoushka/robot10x_ws/install/roverrobotics_description/share/colcon-core/packages/roverrobotics_description)
[3.077s] INFO:colcon.colcon_ros.task.ament_cmake.build:Building ROS package in '/home/anoushka/robot10x_ws/src/roverrobotics_ros2/roverrobotics_gazebo' with build type 'ament_cmake'
[3.078s] INFO:colcon.colcon_cmake.task.cmake.build:Building CMake package in '/home/anoushka/robot10x_ws/src/roverrobotics_ros2/roverrobotics_gazebo'
[3.078s] INFO:colcon.colcon_core.shell:Skip shell extension 'powershell' for command environment: Not usable outside of PowerShell
[3.078s] DEBUG:colcon.colcon_core.shell:Skip shell extension 'dsv' for command environment
[3.153s] DEBUG:colcon.colcon_core.event_handler.log_command:Invoking command in '/home/anoushka/robot10x_ws/build/roverrobotics_gazebo': AMENT_PREFIX_PATH=/home/anoushka/robot10x_ws/install/roverrobotics_description:${AMENT_PREFIX_PATH} CMAKE_PREFIX_PATH=/home/anoushka/robot10x_ws/install/roverrobotics_description:/home/anoushka/planning_ws/install/tennisbuddy_gazebo:/home/anoushka/planning_ws/install/tennisbuddy_description:/home/anoushka/rover_workspace/install/rplidar_ros:/home/anoushka/rover_workspace/install/roverrobotics_input_manager:/home/anoushka/rover_workspace/install/roverrobotics_gazebo:/home/anoushka/rover_workspace/install/roverrobotics_driver:/home/anoushka/rover_workspace/install/roverrobotics_description:/home/anoushka/tennis_buddy/tennisbuddy/install/tennisbuddy_ros2_control:/home/anoushka/tennis_buddy/tennisbuddy/install/tennisbuddy_planning:/home/anoushka/tennis_buddy/tennisbuddy/install/tennisbuddy_perception:/home/anoushka/tennis_buddy/tennisbuddy/install/tennisbuddy_gazebo:/home/anoushka/tennis_buddy/tennisbuddy/install/tennisbuddy_description:/home/anoushka/rover_workspace/install/bno055:/opt/ros/humble /usr/bin/cmake /home/anoushka/robot10x_ws/src/roverrobotics_ros2/roverrobotics_gazebo -DCMAKE_INSTALL_PREFIX=/home/anoushka/robot10x_ws/install/roverrobotics_gazebo
[5.217s] DEBUG:colcon.colcon_core.event_handler.log_command:Invoked command in '/home/anoushka/robot10x_ws/build/roverrobotics_gazebo' returned '0': AMENT_PREFIX_PATH=/home/anoushka/robot10x_ws/install/roverrobotics_description:${AMENT_PREFIX_PATH} CMAKE_PREFIX_PATH=/home/anoushka/robot10x_ws/install/roverrobotics_description:/home/anoushka/planning_ws/install/tennisbuddy_gazebo:/home/anoushka/planning_ws/install/tennisbuddy_description:/home/anoushka/rover_workspace/install/rplidar_ros:/home/anoushka/rover_workspace/install/roverrobotics_input_manager:/home/anoushka/rover_workspace/install/roverrobotics_gazebo:/home/anoushka/rover_workspace/install/roverrobotics_driver:/home/anoushka/rover_workspace/install/roverrobotics_description:/home/anoushka/tennis_buddy/tennisbuddy/install/tennisbuddy_ros2_control:/home/anoushka/tennis_buddy/tennisbuddy/install/tennisbuddy_planning:/home/anoushka/tennis_buddy/tennisbuddy/install/tennisbuddy_perception:/home/anoushka/tennis_buddy/tennisbuddy/install/tennisbuddy_gazebo:/home/anoushka/tennis_buddy/tennisbuddy/install/tennisbuddy_description:/home/anoushka/rover_workspace/install/bno055:/opt/ros/humble /usr/bin/cmake /home/anoushka/robot10x_ws/src/roverrobotics_ros2/roverrobotics_gazebo -DCMAKE_INSTALL_PREFIX=/home/anoushka/robot10x_ws/install/roverrobotics_gazebo
[5.233s] DEBUG:colcon.colcon_core.event_handler.log_command:Invoking command in '/home/anoushka/robot10x_ws/build/roverrobotics_gazebo': AMENT_PREFIX_PATH=/home/anoushka/robot10x_ws/install/roverrobotics_description:${AMENT_PREFIX_PATH} CMAKE_PREFIX_PATH=/home/anoushka/robot10x_ws/install/roverrobotics_description:/home/anoushka/planning_ws/install/tennisbuddy_gazebo:/home/anoushka/planning_ws/install/tennisbuddy_description:/home/anoushka/rover_workspace/install/rplidar_ros:/home/anoushka/rover_workspace/install/roverrobotics_input_manager:/home/anoushka/rover_workspace/install/roverrobotics_gazebo:/home/anoushka/rover_workspace/install/roverrobotics_driver:/home/anoushka/rover_workspace/install/roverrobotics_description:/home/anoushka/tennis_buddy/tennisbuddy/install/tennisbuddy_ros2_control:/home/anoushka/tennis_buddy/tennisbuddy/install/tennisbuddy_planning:/home/anoushka/tennis_buddy/tennisbuddy/install/tennisbuddy_perception:/home/anoushka/tennis_buddy/tennisbuddy/install/tennisbuddy_gazebo:/home/anoushka/tennis_buddy/tennisbuddy/install/tennisbuddy_description:/home/anoushka/rover_workspace/install/bno055:/opt/ros/humble /usr/bin/cmake --build /home/anoushka/robot10x_ws/build/roverrobotics_gazebo -- -j8 -l8
[5.291s] DEBUG:colcon.colcon_core.event_handler.log_command:Invoked command in '/home/anoushka/robot10x_ws/build/roverrobotics_gazebo' returned '0': AMENT_PREFIX_PATH=/home/anoushka/robot10x_ws/install/roverrobotics_description:${AMENT_PREFIX_PATH} CMAKE_PREFIX_PATH=/home/anoushka/robot10x_ws/install/roverrobotics_description:/home/anoushka/planning_ws/install/tennisbuddy_gazebo:/home/anoushka/planning_ws/install/tennisbuddy_description:/home/anoushka/rover_workspace/install/rplidar_ros:/home/anoushka/rover_workspace/install/roverrobotics_input_manager:/home/anoushka/rover_workspace/install/roverrobotics_gazebo:/home/anoushka/rover_workspace/install/roverrobotics_driver:/home/anoushka/rover_workspace/install/roverrobotics_description:/home/anoushka/tennis_buddy/tennisbuddy/install/tennisbuddy_ros2_control:/home/anoushka/tennis_buddy/tennisbuddy/install/tennisbuddy_planning:/home/anoushka/tennis_buddy/tennisbuddy/install/tennisbuddy_perception:/home/anoushka/tennis_buddy/tennisbuddy/install/tennisbuddy_gazebo:/home/anoushka/tennis_buddy/tennisbuddy/install/tennisbuddy_description:/home/anoushka/rover_workspace/install/bno055:/opt/ros/humble /usr/bin/cmake --build /home/anoushka/robot10x_ws/build/roverrobotics_gazebo -- -j8 -l8
[5.291s] DEBUG:colcon.colcon_core.event_handler.log_command:Invoking command in '/home/anoushka/robot10x_ws/build/roverrobotics_gazebo': AMENT_PREFIX_PATH=/home/anoushka/robot10x_ws/install/roverrobotics_description:${AMENT_PREFIX_PATH} CMAKE_PREFIX_PATH=/home/anoushka/robot10x_ws/install/roverrobotics_description:/home/anoushka/planning_ws/install/tennisbuddy_gazebo:/home/anoushka/planning_ws/install/tennisbuddy_description:/home/anoushka/rover_workspace/install/rplidar_ros:/home/anoushka/rover_workspace/install/roverrobotics_input_manager:/home/anoushka/rover_workspace/install/roverrobotics_gazebo:/home/anoushka/rover_workspace/install/roverrobotics_driver:/home/anoushka/rover_workspace/install/roverrobotics_description:/home/anoushka/tennis_buddy/tennisbuddy/install/tennisbuddy_ros2_control:/home/anoushka/tennis_buddy/tennisbuddy/install/tennisbuddy_planning:/home/anoushka/tennis_buddy/tennisbuddy/install/tennisbuddy_perception:/home/anoushka/tennis_buddy/tennisbuddy/install/tennisbuddy_gazebo:/home/anoushka/tennis_buddy/tennisbuddy/install/tennisbuddy_description:/home/anoushka/rover_workspace/install/bno055:/opt/ros/humble /usr/bin/cmake --install /home/anoushka/robot10x_ws/build/roverrobotics_gazebo
[5.315s] Level 1:colcon.colcon_core.environment:create_environment_scripts_only(roverrobotics_gazebo)
[5.324s] Level 1:colcon.colcon_core.environment:checking '/home/anoushka/robot10x_ws/install/roverrobotics_gazebo' for CMake module files
[5.325s] Level 1:colcon.colcon_core.environment:checking '/home/anoushka/robot10x_ws/install/roverrobotics_gazebo' for CMake config files
[5.325s] DEBUG:colcon.colcon_core.event_handler.log_command:Invoked command in '/home/anoushka/robot10x_ws/build/roverrobotics_gazebo' returned '0': AMENT_PREFIX_PATH=/home/anoushka/robot10x_ws/install/roverrobotics_description:${AMENT_PREFIX_PATH} CMAKE_PREFIX_PATH=/home/anoushka/robot10x_ws/install/roverrobotics_description:/home/anoushka/planning_ws/install/tennisbuddy_gazebo:/home/anoushka/planning_ws/install/tennisbuddy_description:/home/anoushka/rover_workspace/install/rplidar_ros:/home/anoushka/rover_workspace/install/roverrobotics_input_manager:/home/anoushka/rover_workspace/install/roverrobotics_gazebo:/home/anoushka/rover_workspace/install/roverrobotics_driver:/home/anoushka/rover_workspace/install/roverrobotics_description:/home/anoushka/tennis_buddy/tennisbuddy/install/tennisbuddy_ros2_control:/home/anoushka/tennis_buddy/tennisbuddy/install/tennisbuddy_planning:/home/anoushka/tennis_buddy/tennisbuddy/install/tennisbuddy_perception:/home/anoushka/tennis_buddy/tennisbuddy/install/tennisbuddy_gazebo:/home/anoushka/tennis_buddy/tennisbuddy/install/tennisbuddy_description:/home/anoushka/rover_workspace/install/bno055:/opt/ros/humble /usr/bin/cmake --install /home/anoushka/robot10x_ws/build/roverrobotics_gazebo
[5.325s] Level 1:colcon.colcon_core.shell:create_environment_hook('roverrobotics_gazebo', 'cmake_prefix_path')
[5.326s] INFO:colcon.colcon_core.shell:Creating environment hook '/home/anoushka/robot10x_ws/install/roverrobotics_gazebo/share/roverrobotics_gazebo/hook/cmake_prefix_path.ps1'
[5.328s] INFO:colcon.colcon_core.shell:Creating environment descriptor '/home/anoushka/robot10x_ws/install/roverrobotics_gazebo/share/roverrobotics_gazebo/hook/cmake_prefix_path.dsv'
[5.329s] INFO:colcon.colcon_core.shell:Creating environment hook '/home/anoushka/robot10x_ws/install/roverrobotics_gazebo/share/roverrobotics_gazebo/hook/cmake_prefix_path.sh'
[5.330s] Level 1:colcon.colcon_core.environment:checking '/home/anoushka/robot10x_ws/install/roverrobotics_gazebo/bin'
[5.331s] Level 1:colcon.colcon_core.environment:checking '/home/anoushka/robot10x_ws/install/roverrobotics_gazebo/lib/pkgconfig/roverrobotics_gazebo.pc'
[5.332s] Level 1:colcon.colcon_core.environment:checking '/home/anoushka/robot10x_ws/install/roverrobotics_gazebo/lib/python3.10/site-packages'
[5.332s] Level 1:colcon.colcon_core.environment:checking '/home/anoushka/robot10x_ws/install/roverrobotics_gazebo/bin'
[5.332s] INFO:colcon.colcon_core.shell:Creating package script '/home/anoushka/robot10x_ws/install/roverrobotics_gazebo/share/roverrobotics_gazebo/package.ps1'
[5.333s] INFO:colcon.colcon_core.shell:Creating package descriptor '/home/anoushka/robot10x_ws/install/roverrobotics_gazebo/share/roverrobotics_gazebo/package.dsv'
[5.333s] INFO:colcon.colcon_core.shell:Creating package script '/home/anoushka/robot10x_ws/install/roverrobotics_gazebo/share/roverrobotics_gazebo/package.sh'
[5.334s] INFO:colcon.colcon_core.shell:Creating package script '/home/anoushka/robot10x_ws/install/roverrobotics_gazebo/share/roverrobotics_gazebo/package.bash'
[5.334s] INFO:colcon.colcon_core.shell:Creating package script '/home/anoushka/robot10x_ws/install/roverrobotics_gazebo/share/roverrobotics_gazebo/package.zsh'
[5.335s] Level 1:colcon.colcon_core.environment:create_file_with_runtime_dependencies(/home/anoushka/robot10x_ws/install/roverrobotics_gazebo/share/colcon-core/packages/roverrobotics_gazebo)
[5.336s] Level 1:colcon.colcon_core.environment:create_environment_scripts_only(roverrobotics_gazebo)
[5.337s] Level 1:colcon.colcon_core.environment:checking '/home/anoushka/robot10x_ws/install/roverrobotics_gazebo' for CMake module files
[5.337s] Level 1:colcon.colcon_core.environment:checking '/home/anoushka/robot10x_ws/install/roverrobotics_gazebo' for CMake config files
[5.338s] Level 1:colcon.colcon_core.shell:create_environment_hook('roverrobotics_gazebo', 'cmake_prefix_path')
[5.338s] INFO:colcon.colcon_core.shell:Creating environment hook '/home/anoushka/robot10x_ws/install/roverrobotics_gazebo/share/roverrobotics_gazebo/hook/cmake_prefix_path.ps1'
[5.338s] INFO:colcon.colcon_core.shell:Creating environment descriptor '/home/anoushka/robot10x_ws/install/roverrobotics_gazebo/share/roverrobotics_gazebo/hook/cmake_prefix_path.dsv'
[5.339s] INFO:colcon.colcon_core.shell:Creating environment hook '/home/anoushka/robot10x_ws/install/roverrobotics_gazebo/share/roverrobotics_gazebo/hook/cmake_prefix_path.sh'
[5.339s] Level 1:colcon.colcon_core.environment:checking '/home/anoushka/robot10x_ws/install/roverrobotics_gazebo/bin'
[5.339s] Level 1:colcon.colcon_core.environment:checking '/home/anoushka/robot10x_ws/install/roverrobotics_gazebo/lib/pkgconfig/roverrobotics_gazebo.pc'
[5.339s] Level 1:colcon.colcon_core.environment:checking '/home/anoushka/robot10x_ws/install/roverrobotics_gazebo/lib/python3.10/site-packages'
[5.339s] Level 1:colcon.colcon_core.environment:checking '/home/anoushka/robot10x_ws/install/roverrobotics_gazebo/bin'
[5.339s] INFO:colcon.colcon_core.shell:Creating package script '/home/anoushka/robot10x_ws/install/roverrobotics_gazebo/share/roverrobotics_gazebo/package.ps1'
[5.340s] INFO:colcon.colcon_core.shell:Creating package descriptor '/home/anoushka/robot10x_ws/install/roverrobotics_gazebo/share/roverrobotics_gazebo/package.dsv'
[5.341s] INFO:colcon.colcon_core.shell:Creating package script '/home/anoushka/robot10x_ws/install/roverrobotics_gazebo/share/roverrobotics_gazebo/package.sh'
[5.342s] INFO:colcon.colcon_core.shell:Creating package script '/home/anoushka/robot10x_ws/install/roverrobotics_gazebo/share/roverrobotics_gazebo/package.bash'
[5.342s] INFO:colcon.colcon_core.shell:Creating package script '/home/anoushka/robot10x_ws/install/roverrobotics_gazebo/share/roverrobotics_gazebo/package.zsh'
[5.343s] Level 1:colcon.colcon_core.environment:create_file_with_runtime_dependencies(/home/anoushka/robot10x_ws/install/roverrobotics_gazebo/share/colcon-core/packages/roverrobotics_gazebo)
[45.141s] DEBUG:colcon.colcon_core.event_handler.log_command:Invoked command in '/home/anoushka/robot10x_ws/build/roverrobotics_driver' returned '0': CMAKE_PREFIX_PATH=${CMAKE_PREFIX_PATH}:/home/anoushka/rover_workspace/install/bno055:/opt/ros/humble /usr/bin/cmake --build /home/anoushka/robot10x_ws/build/roverrobotics_driver -- -j8 -l8
[45.150s] DEBUG:colcon.colcon_core.event_handler.log_command:Invoking command in '/home/anoushka/robot10x_ws/build/roverrobotics_driver': CMAKE_PREFIX_PATH=${CMAKE_PREFIX_PATH}:/home/anoushka/rover_workspace/install/bno055:/opt/ros/humble /usr/bin/cmake --install /home/anoushka/robot10x_ws/build/roverrobotics_driver
[45.395s] Level 1:colcon.colcon_core.environment:create_environment_scripts_only(roverrobotics_driver)
[45.400s] Level 1:colcon.colcon_core.environment:checking '/home/anoushka/robot10x_ws/install/roverrobotics_driver' for CMake module files
[45.401s] DEBUG:colcon.colcon_core.event_handler.log_command:Invoked command in '/home/anoushka/robot10x_ws/build/roverrobotics_driver' returned '0': CMAKE_PREFIX_PATH=${CMAKE_PREFIX_PATH}:/home/anoushka/rover_workspace/install/bno055:/opt/ros/humble /usr/bin/cmake --install /home/anoushka/robot10x_ws/build/roverrobotics_driver
[45.402s] Level 1:colcon.colcon_core.environment:checking '/home/anoushka/robot10x_ws/install/roverrobotics_driver' for CMake config files
[45.402s] Level 1:colcon.colcon_core.shell:create_environment_hook('roverrobotics_driver', 'cmake_prefix_path')
[45.403s] INFO:colcon.colcon_core.shell:Creating environment hook '/home/anoushka/robot10x_ws/install/roverrobotics_driver/share/roverrobotics_driver/hook/cmake_prefix_path.ps1'
[45.405s] INFO:colcon.colcon_core.shell:Creating environment descriptor '/home/anoushka/robot10x_ws/install/roverrobotics_driver/share/roverrobotics_driver/hook/cmake_prefix_path.dsv'
[45.406s] INFO:colcon.colcon_core.shell:Creating environment hook '/home/anoushka/robot10x_ws/install/roverrobotics_driver/share/roverrobotics_driver/hook/cmake_prefix_path.sh'
[45.407s] Level 1:colcon.colcon_core.environment:checking '/home/anoushka/robot10x_ws/install/roverrobotics_driver/lib'
[45.407s] Level 1:colcon.colcon_core.environment:checking '/home/anoushka/robot10x_ws/install/roverrobotics_driver/bin'
[45.407s] Level 1:colcon.colcon_core.environment:checking '/home/anoushka/robot10x_ws/install/roverrobotics_driver/lib/pkgconfig/roverrobotics_driver.pc'
[45.408s] Level 1:colcon.colcon_core.environment:checking '/home/anoushka/robot10x_ws/install/roverrobotics_driver/lib/python3.10/site-packages'
[45.408s] Level 1:colcon.colcon_core.environment:checking '/home/anoushka/robot10x_ws/install/roverrobotics_driver/bin'
[45.408s] INFO:colcon.colcon_core.shell:Creating package script '/home/anoushka/robot10x_ws/install/roverrobotics_driver/share/roverrobotics_driver/package.ps1'
[45.409s] INFO:colcon.colcon_core.shell:Creating package descriptor '/home/anoushka/robot10x_ws/install/roverrobotics_driver/share/roverrobotics_driver/package.dsv'
[45.409s] INFO:colcon.colcon_core.shell:Creating package script '/home/anoushka/robot10x_ws/install/roverrobotics_driver/share/roverrobotics_driver/package.sh'
[45.410s] INFO:colcon.colcon_core.shell:Creating package script '/home/anoushka/robot10x_ws/install/roverrobotics_driver/share/roverrobotics_driver/package.bash'
[45.410s] INFO:colcon.colcon_core.shell:Creating package script '/home/anoushka/robot10x_ws/install/roverrobotics_driver/share/roverrobotics_driver/package.zsh'
[45.411s] Level 1:colcon.colcon_core.environment:create_file_with_runtime_dependencies(/home/anoushka/robot10x_ws/install/roverrobotics_driver/share/colcon-core/packages/roverrobotics_driver)
[45.412s] Level 1:colcon.colcon_core.environment:create_environment_scripts_only(roverrobotics_driver)
[45.412s] Level 1:colcon.colcon_core.environment:checking '/home/anoushka/robot10x_ws/install/roverrobotics_driver' for CMake module files
[45.412s] Level 1:colcon.colcon_core.environment:checking '/home/anoushka/robot10x_ws/install/roverrobotics_driver' for CMake config files
[45.412s] Level 1:colcon.colcon_core.shell:create_environment_hook('roverrobotics_driver', 'cmake_prefix_path')
[45.413s] INFO:colcon.colcon_core.shell:Creating environment hook '/home/anoushka/robot10x_ws/install/roverrobotics_driver/share/roverrobotics_driver/hook/cmake_prefix_path.ps1'
[45.413s] INFO:colcon.colcon_core.shell:Creating environment descriptor '/home/anoushka/robot10x_ws/install/roverrobotics_driver/share/roverrobotics_driver/hook/cmake_prefix_path.dsv'
[45.413s] INFO:colcon.colcon_core.shell:Creating environment hook '/home/anoushka/robot10x_ws/install/roverrobotics_driver/share/roverrobotics_driver/hook/cmake_prefix_path.sh'
[45.413s] Level 1:colcon.colcon_core.environment:checking '/home/anoushka/robot10x_ws/install/roverrobotics_driver/lib'
[45.413s] Level 1:colcon.colcon_core.environment:checking '/home/anoushka/robot10x_ws/install/roverrobotics_driver/bin'
[45.413s] Level 1:colcon.colcon_core.environment:checking '/home/anoushka/robot10x_ws/install/roverrobotics_driver/lib/pkgconfig/roverrobotics_driver.pc'
[45.414s] Level 1:colcon.colcon_core.environment:checking '/home/anoushka/robot10x_ws/install/roverrobotics_driver/lib/python3.10/site-packages'
[45.414s] Level 1:colcon.colcon_core.environment:checking '/home/anoushka/robot10x_ws/install/roverrobotics_driver/bin'
[45.414s] INFO:colcon.colcon_core.shell:Creating package script '/home/anoushka/robot10x_ws/install/roverrobotics_driver/share/roverrobotics_driver/package.ps1'
[45.414s] INFO:colcon.colcon_core.shell:Creating package descriptor '/home/anoushka/robot10x_ws/install/roverrobotics_driver/share/roverrobotics_driver/package.dsv'
[45.414s] INFO:colcon.colcon_core.shell:Creating package script '/home/anoushka/robot10x_ws/install/roverrobotics_driver/share/roverrobotics_driver/package.sh'
[45.415s] INFO:colcon.colcon_core.shell:Creating package script '/home/anoushka/robot10x_ws/install/roverrobotics_driver/share/roverrobotics_driver/package.bash'
[45.416s] INFO:colcon.colcon_core.shell:Creating package script '/home/anoushka/robot10x_ws/install/roverrobotics_driver/share/roverrobotics_driver/package.zsh'
[45.416s] Level 1:colcon.colcon_core.environment:create_file_with_runtime_dependencies(/home/anoushka/robot10x_ws/install/roverrobotics_driver/share/colcon-core/packages/roverrobotics_driver)
[45.417s] DEBUG:colcon.colcon_parallel_executor.executor.parallel:closing loop
[45.419s] DEBUG:colcon.colcon_parallel_executor.executor.parallel:loop closed
[45.419s] DEBUG:colcon.colcon_parallel_executor.executor.parallel:run_until_complete finished with '0'
[45.420s] DEBUG:colcon.colcon_core.event_reactor:joining thread
[45.442s] INFO:colcon.colcon_core.plugin_system:Skipping extension 'colcon_notification.desktop_notification.terminal_notifier': Not used on non-Darwin systems
[45.442s] INFO:colcon.colcon_core.plugin_system:Skipping extension 'colcon_notification.desktop_notification.win32': Not used on non-Windows systems
[45.442s] INFO:colcon.colcon_notification.desktop_notification:Sending desktop notification using 'notify2'
[45.701s] DEBUG:colcon.colcon_core.event_reactor:joined thread
[45.703s] INFO:colcon.colcon_core.shell:Creating prefix script '/home/anoushka/robot10x_ws/install/local_setup.ps1'
[45.705s] INFO:colcon.colcon_core.shell:Creating prefix util module '/home/anoushka/robot10x_ws/install/_local_setup_util_ps1.py'
[45.706s] INFO:colcon.colcon_core.shell:Creating prefix chain script '/home/anoushka/robot10x_ws/install/setup.ps1'
[45.709s] INFO:colcon.colcon_core.shell:Creating prefix script '/home/anoushka/robot10x_ws/install/local_setup.sh'
[45.720s] INFO:colcon.colcon_core.shell:Creating prefix util module '/home/anoushka/robot10x_ws/install/_local_setup_util_sh.py'
[45.722s] INFO:colcon.colcon_core.shell:Creating prefix chain script '/home/anoushka/robot10x_ws/install/setup.sh'
[45.723s] INFO:colcon.colcon_core.shell:Creating prefix script '/home/anoushka/robot10x_ws/install/local_setup.bash'
[45.725s] INFO:colcon.colcon_core.shell:Creating prefix chain script '/home/anoushka/robot10x_ws/install/setup.bash'
[45.728s] INFO:colcon.colcon_core.shell:Creating prefix script '/home/anoushka/robot10x_ws/install/local_setup.zsh'
[45.729s] INFO:colcon.colcon_core.shell:Creating prefix chain script '/home/anoushka/robot10x_ws/install/setup.zsh'
