[0.847s] Invoking command in '/home/anoushka/robot10x_ws/src/path_smoothing': PYTHONPATH=/home/anoushka/robot10x_ws/build/path_smoothing/prefix_override:/usr/lib/python3/dist-packages/colcon_core/task/python/colcon_distutils_commands:/home/anoushka/robot10x_ws/install/path_smoothing/lib/python3.10/site-packages:${PYTHONPATH} /usr/bin/python3 -W ignore:setup.py install is deprecated -W ignore:easy_install command is deprecated setup.py egg_info --egg-base ../../build/path_smoothing build --build-base /home/anoushka/robot10x_ws/build/path_smoothing/build install --record /home/anoushka/robot10x_ws/build/path_smoothing/install.log --single-version-externally-managed install_data
[1.155s] running egg_info
[1.158s] writing ../../build/path_smoothing/path_smoothing.egg-info/PKG-INFO
[1.158s] writing dependency_links to ../../build/path_smoothing/path_smoothing.egg-info/dependency_links.txt
[1.158s] writing entry points to ../../build/path_smoothing/path_smoothing.egg-info/entry_points.txt
[1.158s] writing requirements to ../../build/path_smoothing/path_smoothing.egg-info/requires.txt
[1.158s] writing top-level names to ../../build/path_smoothing/path_smoothing.egg-info/top_level.txt
[1.159s] reading manifest file '../../build/path_smoothing/path_smoothing.egg-info/SOURCES.txt'
[1.161s] writing manifest file '../../build/path_smoothing/path_smoothing.egg-info/SOURCES.txt'
[1.163s] running build
[1.163s] running build_py
[1.163s] running install
[1.163s] running install_lib
[1.167s] running install_data
[1.168s] running install_egg_info
[1.178s] removing '/home/anoushka/robot10x_ws/install/path_smoothing/lib/python3.10/site-packages/path_smoothing-0.0.0-py3.10.egg-info' (and everything under it)
[1.178s] Copying ../../build/path_smoothing/path_smoothing.egg-info to /home/anoushka/robot10x_ws/install/path_smoothing/lib/python3.10/site-packages/path_smoothing-0.0.0-py3.10.egg-info
[1.179s] running install_scripts
[1.195s] Installing smoothing_node script to /home/anoushka/robot10x_ws/install/path_smoothing/lib/path_smoothing
[1.195s] writing list of installed files to '/home/anoushka/robot10x_ws/build/path_smoothing/install.log'
[1.228s] Invoked command in '/home/anoushka/robot10x_ws/src/path_smoothing' returned '0': PYTHONPATH=/home/anoushka/robot10x_ws/build/path_smoothing/prefix_override:/usr/lib/python3/dist-packages/colcon_core/task/python/colcon_distutils_commands:/home/anoushka/robot10x_ws/install/path_smoothing/lib/python3.10/site-packages:${PYTHONPATH} /usr/bin/python3 -W ignore:setup.py install is deprecated -W ignore:easy_install command is deprecated setup.py egg_info --egg-base ../../build/path_smoothing build --build-base /home/anoushka/robot10x_ws/build/path_smoothing/build install --record /home/anoushka/robot10x_ws/build/path_smoothing/install.log --single-version-externally-managed install_data
