[0.049s] Invoking command in '/home/anoushka/robot10x_ws/build/roverrobotics_driver': CMAKE_PREFIX_PATH=${CMAKE_PREFIX_PATH}:/home/anoushka/rover_workspace/install/bno055:/opt/ros/humble /usr/bin/cmake /home/anoushka/robot10x_ws/src/roverrobotics_ros2/roverrobotics_driver -DCMAKE_INSTALL_PREFIX=/home/anoushka/robot10x_ws/install/roverrobotics_driver
[0.376s] -- The C compiler identification is GNU 11.4.0
[0.589s] -- The CXX compiler identification is GNU 11.4.0
[0.606s] -- Detecting C compiler ABI info
[0.736s] -- Detecting C compiler ABI info - done
[0.750s] -- Check for working C compiler: /usr/bin/cc - skipped
[0.750s] -- Detecting C compile features
[0.750s] -- Detecting C compile features - done
[0.752s] -- Detecting CXX compiler ABI info
[0.840s] -- Detecting CXX compiler ABI info - done
[0.847s] -- Check for working CXX compiler: /usr/bin/c++ - skipped
[0.847s] -- Detecting CXX compile features
[0.847s] -- Detecting CXX compile features - done
[0.861s] -- Found ament_cmake: 1.3.11 (/opt/ros/humble/share/ament_cmake/cmake)
[0.996s] -- Found Python3: /usr/bin/python3 (found version "3.10.12") found components: Interpreter 
[1.133s] -- Found rclcpp: 16.0.12 (/opt/ros/humble/share/rclcpp/cmake)
[1.237s] -- Found rosidl_generator_c: 3.1.6 (/opt/ros/humble/share/rosidl_generator_c/cmake)
[1.254s] -- Found rosidl_adapter: 3.1.6 (/opt/ros/humble/share/rosidl_adapter/cmake)
[1.268s] -- Found rosidl_generator_cpp: 3.1.6 (/opt/ros/humble/share/rosidl_generator_cpp/cmake)
[1.292s] -- Using all available rosidl_typesupport_c: rosidl_typesupport_fastrtps_c;rosidl_typesupport_introspection_c
[1.326s] -- Using all available rosidl_typesupport_cpp: rosidl_typesupport_fastrtps_cpp;rosidl_typesupport_introspection_cpp
[1.393s] -- Found rmw_implementation_cmake: 6.1.2 (/opt/ros/humble/share/rmw_implementation_cmake/cmake)
[1.397s] -- Found rmw_fastrtps_cpp: 6.2.7 (/opt/ros/humble/share/rmw_fastrtps_cpp/cmake)
[1.500s] -- Found OpenSSL: /usr/lib/aarch64-linux-gnu/libcrypto.so (found version "3.0.2")  
[1.527s] -- Found FastRTPS: /opt/ros/humble/include  
[1.558s] -- Using RMW implementation 'rmw_fastrtps_cpp' as default
[1.577s] -- Looking for pthread.h
[1.703s] -- Looking for pthread.h - found
[1.703s] -- Performing Test CMAKE_HAVE_LIBC_PTHREAD
[1.781s] -- Performing Test CMAKE_HAVE_LIBC_PTHREAD - Success
[1.782s] -- Found Threads: TRUE  
[1.863s] -- Found geometry_msgs: 4.8.0 (/opt/ros/humble/share/geometry_msgs/cmake)
[1.880s] -- Found nav_msgs: 4.8.0 (/opt/ros/humble/share/nav_msgs/cmake)
[1.912s] -- Found tf2_geometry_msgs: 0.25.12 (/opt/ros/humble/share/tf2_geometry_msgs/cmake)
[1.934s] -- Found eigen3_cmake_module: 0.1.1 (/opt/ros/humble/share/eigen3_cmake_module/cmake)
[1.935s] -- Found Eigen3: TRUE (found version "3.4.0") 
[1.935s] -- Ensuring Eigen3 include directory is part of orocos-kdl CMake target
[2.090s] -- Found sensor_msgs: 4.8.0 (/opt/ros/humble/share/sensor_msgs/cmake)
[2.181s] -- Configuring done
[2.206s] -- Generating done
[2.214s] -- Build files have been written to: /home/anoushka/robot10x_ws/build/roverrobotics_driver
[2.234s] Invoked command in '/home/anoushka/robot10x_ws/build/roverrobotics_driver' returned '0': CMAKE_PREFIX_PATH=${CMAKE_PREFIX_PATH}:/home/anoushka/rover_workspace/install/bno055:/opt/ros/humble /usr/bin/cmake /home/anoushka/robot10x_ws/src/roverrobotics_ros2/roverrobotics_driver -DCMAKE_INSTALL_PREFIX=/home/anoushka/robot10x_ws/install/roverrobotics_driver
[2.234s] Invoking command in '/home/anoushka/robot10x_ws/build/roverrobotics_driver': CMAKE_PREFIX_PATH=${CMAKE_PREFIX_PATH}:/home/anoushka/rover_workspace/install/bno055:/opt/ros/humble /usr/bin/cmake --build /home/anoushka/robot10x_ws/build/roverrobotics_driver -- -j8 -l8
[2.297s] [  9%] [32mBuilding CXX object CMakeFiles/roverrobotics_driver.dir/src/roverrobotics_ros2_driver.cpp.o[0m
[2.300s] [ 18%] [32mBuilding CXX object CMakeFiles/roverrobotics_driver.dir/library/librover/src/utils.cpp.o[0m
[2.304s] [ 36%] [32mBuilding CXX object CMakeFiles/roverrobotics_driver.dir/library/librover/src/protocol_pro.cpp.o[0m
[2.304s] [ 36%] [32mBuilding CXX object CMakeFiles/roverrobotics_driver.dir/library/librover/src/comm_serial.cpp.o[0m
[2.322s] [ 45%] [32mBuilding CXX object CMakeFiles/roverrobotics_driver.dir/library/librover/src/vesc.cpp.o[0m
[2.323s] [ 54%] [32mBuilding CXX object CMakeFiles/roverrobotics_driver.dir/library/librover/src/utilities.cpp.o[0m
[2.329s] [ 63%] [32mBuilding CXX object CMakeFiles/roverrobotics_driver.dir/library/librover/src/control.cpp.o[0m
[2.329s] [ 72%] [32mBuilding CXX object CMakeFiles/roverrobotics_driver.dir/library/librover/src/comm_can.cpp.o[0m
[3.591s] [01m[K/home/anoushka/robot10x_ws/src/roverrobotics_ros2/roverrobotics_driver/library/librover/src/vesc.cpp:[m[K In member function ‘[01m[Kvesc::vescChannelStatus vesc::BridgedVescArray::parseReceivedMessage(std::vector<unsigned char>)[m[K’:
[3.596s] [01m[K/home/anoushka/robot10x_ws/src/roverrobotics_ros2/roverrobotics_driver/library/librover/src/vesc.cpp:76:5:[m[K [01;35m[Kwarning: [m[Kcontrol reaches end of non-void function [[01;35m[K]8;;https://gcc.gnu.org/onlinedocs/gcc/Warning-Options.html#index-Wreturn-type-Wreturn-type]8;;[m[K]
[3.596s]    76 |     [01;35m[K}[m[K
[3.596s]       |     [01;35m[K^[m[K
[3.838s] [ 81%] [32mBuilding CXX object CMakeFiles/roverrobotics_driver.dir/library/librover/src/protocol_zero_2.cpp.o[0m
[3.882s] [ 90%] [32mBuilding CXX object CMakeFiles/roverrobotics_driver.dir/library/librover/src/differential_robot.cpp.o[0m
[43.449s] [100%] [32m[1mLinking CXX executable roverrobotics_driver[0m
[44.692s] [100%] Built target roverrobotics_driver
[44.727s] Invoked command in '/home/anoushka/robot10x_ws/build/roverrobotics_driver' returned '0': CMAKE_PREFIX_PATH=${CMAKE_PREFIX_PATH}:/home/anoushka/rover_workspace/install/bno055:/opt/ros/humble /usr/bin/cmake --build /home/anoushka/robot10x_ws/build/roverrobotics_driver -- -j8 -l8
[44.737s] Invoking command in '/home/anoushka/robot10x_ws/build/roverrobotics_driver': CMAKE_PREFIX_PATH=${CMAKE_PREFIX_PATH}:/home/anoushka/rover_workspace/install/bno055:/opt/ros/humble /usr/bin/cmake --install /home/anoushka/robot10x_ws/build/roverrobotics_driver
[44.747s] -- Install configuration: ""
[44.748s] -- Installing: /home/anoushka/robot10x_ws/install/roverrobotics_driver/share/roverrobotics_driver/launch
[44.749s] -- Installing: /home/anoushka/robot10x_ws/install/roverrobotics_driver/share/roverrobotics_driver/launch/miti_teleop.launch.py
[44.750s] -- Installing: /home/anoushka/robot10x_ws/install/roverrobotics_driver/share/roverrobotics_driver/launch/mini.launch.py
[44.750s] -- Installing: /home/anoushka/robot10x_ws/install/roverrobotics_driver/share/roverrobotics_driver/launch/outdoor_navigation_launch.py
[44.751s] -- Installing: /home/anoushka/robot10x_ws/install/roverrobotics_driver/share/roverrobotics_driver/launch/navigation_launch.py
[44.751s] -- Installing: /home/anoushka/robot10x_ws/install/roverrobotics_driver/share/roverrobotics_driver/launch/pro.launch.py
[44.751s] -- Installing: /home/anoushka/robot10x_ws/install/roverrobotics_driver/share/roverrobotics_driver/launch/ps5_controller.launch.py
[44.751s] -- Installing: /home/anoushka/robot10x_ws/install/roverrobotics_driver/share/roverrobotics_driver/launch/ps4_controller.launch.py
[44.751s] -- Installing: /home/anoushka/robot10x_ws/install/roverrobotics_driver/share/roverrobotics_driver/launch/max_teleop.launch.py
[44.751s] -- Installing: /home/anoushka/robot10x_ws/install/roverrobotics_driver/share/roverrobotics_driver/launch/nav2_backend.py
[44.752s] -- Installing: /home/anoushka/robot10x_ws/install/roverrobotics_driver/share/roverrobotics_driver/launch/miti_65.launch.py
[44.752s] -- Installing: /home/anoushka/robot10x_ws/install/roverrobotics_driver/share/roverrobotics_driver/launch/pro_teleop.launch.py
[44.752s] -- Installing: /home/anoushka/robot10x_ws/install/roverrobotics_driver/share/roverrobotics_driver/launch/miti.launch.py
[44.752s] -- Installing: /home/anoushka/robot10x_ws/install/roverrobotics_driver/share/roverrobotics_driver/launch/robot_localizer_outdoor.launch.py
[44.753s] -- Installing: /home/anoushka/robot10x_ws/install/roverrobotics_driver/share/roverrobotics_driver/launch/mini_teleop.launch.py
[44.753s] -- Installing: /home/anoushka/robot10x_ws/install/roverrobotics_driver/share/roverrobotics_driver/launch/accessories.launch.py
[44.753s] -- Installing: /home/anoushka/robot10x_ws/install/roverrobotics_driver/share/roverrobotics_driver/launch/max.launch.py
[44.753s] -- Installing: /home/anoushka/robot10x_ws/install/roverrobotics_driver/share/roverrobotics_driver/launch/slam_launch.py
[44.753s] -- Installing: /home/anoushka/robot10x_ws/install/roverrobotics_driver/share/roverrobotics_driver/launch/robot_localizer.launch.py
[44.753s] -- Installing: /home/anoushka/robot10x_ws/install/roverrobotics_driver/share/roverrobotics_driver/launch/zero_teleop.launch.py
[44.754s] -- Installing: /home/anoushka/robot10x_ws/install/roverrobotics_driver/share/roverrobotics_driver/launch/miti_65_teleop.launch.py
[44.754s] -- Installing: /home/anoushka/robot10x_ws/install/roverrobotics_driver/share/roverrobotics_driver/launch/zero.launch.py
[44.754s] -- Installing: /home/anoushka/robot10x_ws/install/roverrobotics_driver/share/roverrobotics_driver/config
[44.754s] -- Installing: /home/anoushka/robot10x_ws/install/roverrobotics_driver/share/roverrobotics_driver/config/miti_config.yaml
[44.755s] -- Installing: /home/anoushka/robot10x_ws/install/roverrobotics_driver/share/roverrobotics_driver/config/miti_65_config.yaml
[44.755s] -- Installing: /home/anoushka/robot10x_ws/install/roverrobotics_driver/share/roverrobotics_driver/config/accessories.yaml
[44.755s] -- Installing: /home/anoushka/robot10x_ws/install/roverrobotics_driver/share/roverrobotics_driver/config/ps5_controller_config.yaml
[44.755s] -- Installing: /home/anoushka/robot10x_ws/install/roverrobotics_driver/share/roverrobotics_driver/config/localization_ekf.yaml
[44.756s] -- Installing: /home/anoushka/robot10x_ws/install/roverrobotics_driver/share/roverrobotics_driver/config/mini_config.yaml
[44.756s] -- Installing: /home/anoushka/robot10x_ws/install/roverrobotics_driver/share/roverrobotics_driver/config/pro_config.yaml
[44.756s] -- Installing: /home/anoushka/robot10x_ws/install/roverrobotics_driver/share/roverrobotics_driver/config/ps4_controller_config.yaml
[44.756s] -- Installing: /home/anoushka/robot10x_ws/install/roverrobotics_driver/share/roverrobotics_driver/config/max_150_config.yaml
[44.757s] -- Installing: /home/anoushka/robot10x_ws/install/roverrobotics_driver/share/roverrobotics_driver/config/realsense_config.yaml
[44.757s] -- Installing: /home/anoushka/robot10x_ws/install/roverrobotics_driver/share/roverrobotics_driver/config/max_130_config.yaml
[44.757s] -- Installing: /home/anoushka/robot10x_ws/install/roverrobotics_driver/share/roverrobotics_driver/config/max_65_config.yaml
[44.757s] -- Installing: /home/anoushka/robot10x_ws/install/roverrobotics_driver/share/roverrobotics_driver/config/ps5_controller_config_jp6.yaml
[44.757s] -- Installing: /home/anoushka/robot10x_ws/install/roverrobotics_driver/share/roverrobotics_driver/config/rviz_configs
[44.758s] -- Installing: /home/anoushka/robot10x_ws/install/roverrobotics_driver/share/roverrobotics_driver/config/rviz_configs/slam_rviz_layout.rviz
[44.758s] -- Installing: /home/anoushka/robot10x_ws/install/roverrobotics_driver/share/roverrobotics_driver/config/rviz_configs/nav2_default_view.rviz
[44.758s] -- Installing: /home/anoushka/robot10x_ws/install/roverrobotics_driver/share/roverrobotics_driver/config/rviz_configs/realsense_rviz_layout.rviz
[44.758s] -- Installing: /home/anoushka/robot10x_ws/install/roverrobotics_driver/share/roverrobotics_driver/config/localization_outdoor_ekf.yaml
[44.758s] -- Installing: /home/anoushka/robot10x_ws/install/roverrobotics_driver/share/roverrobotics_driver/config/nav2_params.yaml
[44.759s] -- Installing: /home/anoushka/robot10x_ws/install/roverrobotics_driver/share/roverrobotics_driver/config/slam_configs
[44.759s] -- Installing: /home/anoushka/robot10x_ws/install/roverrobotics_driver/share/roverrobotics_driver/config/slam_configs/mapper_params_online_sync.yaml
[44.760s] -- Installing: /home/anoushka/robot10x_ws/install/roverrobotics_driver/share/roverrobotics_driver/config/slam_configs/mapper_params_lifelong.yaml
[44.760s] -- Installing: /home/anoushka/robot10x_ws/install/roverrobotics_driver/share/roverrobotics_driver/config/slam_configs/mapper_params_offline.yaml
[44.760s] -- Installing: /home/anoushka/robot10x_ws/install/roverrobotics_driver/share/roverrobotics_driver/config/slam_configs/mapper_params_online_async.yaml
[44.760s] -- Installing: /home/anoushka/robot10x_ws/install/roverrobotics_driver/share/roverrobotics_driver/config/slam_configs/mapper_params_localization.yaml
[44.760s] -- Installing: /home/anoushka/robot10x_ws/install/roverrobotics_driver/share/roverrobotics_driver/config/ps4_controller_config_jp6.yaml
[44.760s] -- Installing: /home/anoushka/robot10x_ws/install/roverrobotics_driver/share/roverrobotics_driver/config/zero_config.yaml
[44.760s] -- Installing: /home/anoushka/robot10x_ws/install/roverrobotics_driver/share/roverrobotics_driver/config/max_100_config.yaml
[44.760s] -- Installing: /home/anoushka/robot10x_ws/install/roverrobotics_driver/share/roverrobotics_driver/config/topics.yaml
[44.761s] -- Installing: /home/anoushka/robot10x_ws/install/roverrobotics_driver/share/roverrobotics_driver/maps
[44.761s] -- Installing: /home/anoushka/robot10x_ws/install/roverrobotics_driver/share/roverrobotics_driver/maps/maze_map.data
[44.834s] -- Installing: /home/anoushka/robot10x_ws/install/roverrobotics_driver/share/roverrobotics_driver/maps/maze_map.pgm
[44.834s] -- Installing: /home/anoushka/robot10x_ws/install/roverrobotics_driver/share/roverrobotics_driver/maps/maze_map.yaml
[44.834s] -- Installing: /home/anoushka/robot10x_ws/install/roverrobotics_driver/share/roverrobotics_driver/maps/maze_map.posegraph
[44.912s] -- Installing: /home/anoushka/robot10x_ws/install/roverrobotics_driver/lib/roverrobotics_driver/roverrobotics_driver
[44.971s] -- Set runtime path of "/home/anoushka/robot10x_ws/install/roverrobotics_driver/lib/roverrobotics_driver/roverrobotics_driver" to ""
[44.971s] -- Installing: /home/anoushka/robot10x_ws/install/roverrobotics_driver/share/ament_index/resource_index/package_run_dependencies/roverrobotics_driver
[44.972s] -- Installing: /home/anoushka/robot10x_ws/install/roverrobotics_driver/share/ament_index/resource_index/parent_prefix_path/roverrobotics_driver
[44.972s] -- Installing: /home/anoushka/robot10x_ws/install/roverrobotics_driver/share/roverrobotics_driver/environment/ament_prefix_path.sh
[44.972s] -- Installing: /home/anoushka/robot10x_ws/install/roverrobotics_driver/share/roverrobotics_driver/environment/ament_prefix_path.dsv
[44.973s] -- Installing: /home/anoushka/robot10x_ws/install/roverrobotics_driver/share/roverrobotics_driver/environment/path.sh
[44.973s] -- Installing: /home/anoushka/robot10x_ws/install/roverrobotics_driver/share/roverrobotics_driver/environment/path.dsv
[44.973s] -- Installing: /home/anoushka/robot10x_ws/install/roverrobotics_driver/share/roverrobotics_driver/local_setup.bash
[44.973s] -- Installing: /home/anoushka/robot10x_ws/install/roverrobotics_driver/share/roverrobotics_driver/local_setup.sh
[44.974s] -- Installing: /home/anoushka/robot10x_ws/install/roverrobotics_driver/share/roverrobotics_driver/local_setup.zsh
[44.974s] -- Installing: /home/anoushka/robot10x_ws/install/roverrobotics_driver/share/roverrobotics_driver/local_setup.dsv
[44.975s] -- Installing: /home/anoushka/robot10x_ws/install/roverrobotics_driver/share/roverrobotics_driver/package.dsv
[44.975s] -- Installing: /home/anoushka/robot10x_ws/install/roverrobotics_driver/share/ament_index/resource_index/packages/roverrobotics_driver
[44.975s] -- Installing: /home/anoushka/robot10x_ws/install/roverrobotics_driver/share/roverrobotics_driver/cmake/roverrobotics_driverConfig.cmake
[44.977s] -- Installing: /home/anoushka/robot10x_ws/install/roverrobotics_driver/share/roverrobotics_driver/cmake/roverrobotics_driverConfig-version.cmake
[44.977s] -- Installing: /home/anoushka/robot10x_ws/install/roverrobotics_driver/share/roverrobotics_driver/package.xml
[44.988s] Invoked command in '/home/anoushka/robot10x_ws/build/roverrobotics_driver' returned '0': CMAKE_PREFIX_PATH=${CMAKE_PREFIX_PATH}:/home/anoushka/rover_workspace/install/bno055:/opt/ros/humble /usr/bin/cmake --install /home/anoushka/robot10x_ws/build/roverrobotics_driver
