[1.861s] Invoking command in '/home/anoushka/robot10x_ws/src/path_smoothing': PYTHONPATH=/home/anoushka/robot10x_ws/build/path_smoothing/prefix_override:/usr/lib/python3/dist-packages/colcon_core/task/python/colcon_distutils_commands:/home/anoushka/robot10x_ws/install/path_smoothing/lib/python3.10/site-packages:${PYTHONPATH} /usr/bin/python3 -W ignore:setup.py install is deprecated -W ignore:easy_install command is deprecated setup.py egg_info --egg-base ../../build/path_smoothing build --build-base /home/anoushka/robot10x_ws/build/path_smoothing/build install --record /home/anoushka/robot10x_ws/build/path_smoothing/install.log --single-version-externally-managed install_data
[2.202s] running egg_info
[2.216s] writing ../../build/path_smoothing/path_smoothing.egg-info/PKG-INFO
[2.216s] writing dependency_links to ../../build/path_smoothing/path_smoothing.egg-info/dependency_links.txt
[2.216s] writing entry points to ../../build/path_smoothing/path_smoothing.egg-info/entry_points.txt
[2.216s] writing requirements to ../../build/path_smoothing/path_smoothing.egg-info/requires.txt
[2.216s] writing top-level names to ../../build/path_smoothing/path_smoothing.egg-info/top_level.txt
[2.216s] reading manifest file '../../build/path_smoothing/path_smoothing.egg-info/SOURCES.txt'
[2.234s] writing manifest file '../../build/path_smoothing/path_smoothing.egg-info/SOURCES.txt'
[2.234s] running build
[2.234s] running build_py
[2.234s] running install
[2.234s] running install_lib
[2.234s] running install_data
[2.241s] running install_egg_info
[2.241s] removing '/home/anoushka/robot10x_ws/install/path_smoothing/lib/python3.10/site-packages/path_smoothing-0.0.0-py3.10.egg-info' (and everything under it)
[2.241s] Copying ../../build/path_smoothing/path_smoothing.egg-info to /home/anoushka/robot10x_ws/install/path_smoothing/lib/python3.10/site-packages/path_smoothing-0.0.0-py3.10.egg-info
[2.244s] running install_scripts
[2.278s] Installing smoothing_node script to /home/anoushka/robot10x_ws/install/path_smoothing/lib/path_smoothing
[2.278s] writing list of installed files to '/home/anoushka/robot10x_ws/build/path_smoothing/install.log'
[2.365s] Invoked command in '/home/anoushka/robot10x_ws/src/path_smoothing' returned '0': PYTHONPATH=/home/anoushka/robot10x_ws/build/path_smoothing/prefix_override:/usr/lib/python3/dist-packages/colcon_core/task/python/colcon_distutils_commands:/home/anoushka/robot10x_ws/install/path_smoothing/lib/python3.10/site-packages:${PYTHONPATH} /usr/bin/python3 -W ignore:setup.py install is deprecated -W ignore:easy_install command is deprecated setup.py egg_info --egg-base ../../build/path_smoothing build --build-base /home/anoushka/robot10x_ws/build/path_smoothing/build install --record /home/anoushka/robot10x_ws/build/path_smoothing/install.log --single-version-externally-managed install_data
