running egg_info
writing ../../build/simulation_launch/simulation_launch.egg-info/PKG-INFO
writing dependency_links to ../../build/simulation_launch/simulation_launch.egg-info/dependency_links.txt
writing entry points to ../../build/simulation_launch/simulation_launch.egg-info/entry_points.txt
writing requirements to ../../build/simulation_launch/simulation_launch.egg-info/requires.txt
writing top-level names to ../../build/simulation_launch/simulation_launch.egg-info/top_level.txt
reading manifest file '../../build/simulation_launch/simulation_launch.egg-info/SOURCES.txt'
writing manifest file '../../build/simulation_launch/simulation_launch.egg-info/SOURCES.txt'
running build
running build_py
copying simulation_launch/mission_orchestrator.py -> /home/anoushka/robot10x_ws/build/simulation_launch/build/lib/simulation_launch
running install
running install_lib
copying /home/anoushka/robot10x_ws/build/simulation_launch/build/lib/simulation_launch/mission_orchestrator.py -> /home/anoushka/robot10x_ws/install/simulation_launch/lib/python3.10/site-packages/simulation_launch
byte-compiling /home/anoushka/robot10x_ws/install/simulation_launch/lib/python3.10/site-packages/simulation_launch/mission_orchestrator.py to mission_orchestrator.cpython-310.pyc
running install_data
Sorry: IndentationError: expected an indented block after function definition on line 55 (mission_orchestrator.py, line 56)
running install_egg_info
removing '/home/anoushka/robot10x_ws/install/simulation_launch/lib/python3.10/site-packages/simulation_launch-0.0.0-py3.10.egg-info' (and everything under it)
Copying ../../build/simulation_launch/simulation_launch.egg-info to /home/anoushka/robot10x_ws/install/simulation_launch/lib/python3.10/site-packages/simulation_launch-0.0.0-py3.10.egg-info
running install_scripts
Installing mission_orchestrator script to /home/anoushka/robot10x_ws/install/simulation_launch/lib/simulation_launch
writing list of installed files to '/home/anoushka/robot10x_ws/build/simulation_launch/install.log'
