[0.441s] Invoking command in '/home/anoushka/robot10x_ws/src/simulation_launch': AMENT_PREFIX_PATH=/home/anoushka/robot10x_ws/install/roverrobotics_gazebo:/home/anoushka/robot10x_ws/install/roverrobotics_description:${AMENT_PREFIX_PATH} CMAKE_PREFIX_PATH=/home/anoushka/robot10x_ws/install/roverrobotics_gazebo:/home/anoushka/robot10x_ws/install/roverrobotics_description:${CMAKE_PREFIX_PATH} PYTHONPATH=/home/anoushka/robot10x_ws/build/simulation_launch/prefix_override:/usr/lib/python3/dist-packages/colcon_core/task/python/colcon_distutils_commands:/home/anoushka/robot10x_ws/install/simulation_launch/lib/python3.10/site-packages:${PYTHONPATH} /usr/bin/python3 -W ignore:setup.py install is deprecated -W ignore:easy_install command is deprecated setup.py egg_info --egg-base ../../build/simulation_launch build --build-base /home/anoushka/robot10x_ws/build/simulation_launch/build install --record /home/anoushka/robot10x_ws/build/simulation_launch/install.log --single-version-externally-managed install_data
[0.555s] running egg_info
[0.555s] writing ../../build/simulation_launch/simulation_launch.egg-info/PKG-INFO
[0.556s] writing dependency_links to ../../build/simulation_launch/simulation_launch.egg-info/dependency_links.txt
[0.560s] writing entry points to ../../build/simulation_launch/simulation_launch.egg-info/entry_points.txt
[0.561s] writing requirements to ../../build/simulation_launch/simulation_launch.egg-info/requires.txt
[0.561s] writing top-level names to ../../build/simulation_launch/simulation_launch.egg-info/top_level.txt
[0.562s] reading manifest file '../../build/simulation_launch/simulation_launch.egg-info/SOURCES.txt'
[0.563s] writing manifest file '../../build/simulation_launch/simulation_launch.egg-info/SOURCES.txt'
[0.563s] running build
[0.563s] running build_py
[0.563s] copying simulation_launch/mission_orchestrator.py -> /home/anoushka/robot10x_ws/build/simulation_launch/build/lib/simulation_launch
[0.563s] running install
[0.564s] running install_lib
[0.564s] copying /home/anoushka/robot10x_ws/build/simulation_launch/build/lib/simulation_launch/mission_orchestrator.py -> /home/anoushka/robot10x_ws/install/simulation_launch/lib/python3.10/site-packages/simulation_launch
[0.564s] byte-compiling /home/anoushka/robot10x_ws/install/simulation_launch/lib/python3.10/site-packages/simulation_launch/mission_orchestrator.py to mission_orchestrator.cpython-310.pyc
[0.566s] running install_data
[0.566s] Sorry: IndentationError: expected an indented block after function definition on line 55 (mission_orchestrator.py, line 56)
[0.566s] running install_egg_info
[0.567s] removing '/home/anoushka/robot10x_ws/install/simulation_launch/lib/python3.10/site-packages/simulation_launch-0.0.0-py3.10.egg-info' (and everything under it)
[0.567s] Copying ../../build/simulation_launch/simulation_launch.egg-info to /home/anoushka/robot10x_ws/install/simulation_launch/lib/python3.10/site-packages/simulation_launch-0.0.0-py3.10.egg-info
[0.568s] running install_scripts
[0.579s] Installing mission_orchestrator script to /home/anoushka/robot10x_ws/install/simulation_launch/lib/simulation_launch
[0.579s] writing list of installed files to '/home/anoushka/robot10x_ws/build/simulation_launch/install.log'
[0.592s] Invoked command in '/home/anoushka/robot10x_ws/src/simulation_launch' returned '0': AMENT_PREFIX_PATH=/home/anoushka/robot10x_ws/install/roverrobotics_gazebo:/home/anoushka/robot10x_ws/install/roverrobotics_description:${AMENT_PREFIX_PATH} CMAKE_PREFIX_PATH=/home/anoushka/robot10x_ws/install/roverrobotics_gazebo:/home/anoushka/robot10x_ws/install/roverrobotics_description:${CMAKE_PREFIX_PATH} PYTHONPATH=/home/anoushka/robot10x_ws/build/simulation_launch/prefix_override:/usr/lib/python3/dist-packages/colcon_core/task/python/colcon_distutils_commands:/home/anoushka/robot10x_ws/install/simulation_launch/lib/python3.10/site-packages:${PYTHONPATH} /usr/bin/python3 -W ignore:setup.py install is deprecated -W ignore:easy_install command is deprecated setup.py egg_info --egg-base ../../build/simulation_launch build --build-base /home/anoushka/robot10x_ws/build/simulation_launch/build install --record /home/anoushka/robot10x_ws/build/simulation_launch/install.log --single-version-externally-managed install_data
