[0.020s] Invoking command in '/home/anoushka/robot10x_ws/build/roverrobotics_gazebo': AMENT_PREFIX_PATH=/home/anoushka/robot10x_ws/install/roverrobotics_description:${AMENT_PREFIX_PATH} CMAKE_PREFIX_PATH=/home/anoushka/robot10x_ws/install/roverrobotics_description:/home/anoushka/rover_workspace/install/rplidar_ros:/home/anoushka/rover_workspace/install/roverrobotics_input_manager:/home/anoushka/rover_workspace/install/roverrobotics_gazebo:/home/anoushka/rover_workspace/install/roverrobotics_driver:/home/anoushka/rover_workspace/install/roverrobotics_description:/home/anoushka/tennis_buddy/tennisbuddy/install/tennisbuddy_ros2_control:/home/anoushka/tennis_buddy/tennisbuddy/install/tennisbuddy_planning:/home/anoushka/tennis_buddy/tennisbuddy/install/tennisbuddy_perception:/home/anoushka/tennis_buddy/tennisbuddy/install/tennisbuddy_gazebo:/home/anoushka/tennis_buddy/tennisbuddy/install/tennisbuddy_description:/home/anoushka/rover_workspace/install/bno055:/opt/ros/humble /usr/bin/cmake --build /home/anoushka/robot10x_ws/build/roverrobotics_gazebo -- -j8 -l8
[0.059s] Invoked command in '/home/anoushka/robot10x_ws/build/roverrobotics_gazebo' returned '0': AMENT_PREFIX_PATH=/home/anoushka/robot10x_ws/install/roverrobotics_description:${AMENT_PREFIX_PATH} CMAKE_PREFIX_PATH=/home/anoushka/robot10x_ws/install/roverrobotics_description:/home/anoushka/rover_workspace/install/rplidar_ros:/home/anoushka/rover_workspace/install/roverrobotics_input_manager:/home/anoushka/rover_workspace/install/roverrobotics_gazebo:/home/anoushka/rover_workspace/install/roverrobotics_driver:/home/anoushka/rover_workspace/install/roverrobotics_description:/home/anoushka/tennis_buddy/tennisbuddy/install/tennisbuddy_ros2_control:/home/anoushka/tennis_buddy/tennisbuddy/install/tennisbuddy_planning:/home/anoushka/tennis_buddy/tennisbuddy/install/tennisbuddy_perception:/home/anoushka/tennis_buddy/tennisbuddy/install/tennisbuddy_gazebo:/home/anoushka/tennis_buddy/tennisbuddy/install/tennisbuddy_description:/home/anoushka/rover_workspace/install/bno055:/opt/ros/humble /usr/bin/cmake --build /home/anoushka/robot10x_ws/build/roverrobotics_gazebo -- -j8 -l8
[0.066s] Invoking command in '/home/anoushka/robot10x_ws/build/roverrobotics_gazebo': AMENT_PREFIX_PATH=/home/anoushka/robot10x_ws/install/roverrobotics_description:${AMENT_PREFIX_PATH} CMAKE_PREFIX_PATH=/home/anoushka/robot10x_ws/install/roverrobotics_description:/home/anoushka/rover_workspace/install/rplidar_ros:/home/anoushka/rover_workspace/install/roverrobotics_input_manager:/home/anoushka/rover_workspace/install/roverrobotics_gazebo:/home/anoushka/rover_workspace/install/roverrobotics_driver:/home/anoushka/rover_workspace/install/roverrobotics_description:/home/anoushka/tennis_buddy/tennisbuddy/install/tennisbuddy_ros2_control:/home/anoushka/tennis_buddy/tennisbuddy/install/tennisbuddy_planning:/home/anoushka/tennis_buddy/tennisbuddy/install/tennisbuddy_perception:/home/anoushka/tennis_buddy/tennisbuddy/install/tennisbuddy_gazebo:/home/anoushka/tennis_buddy/tennisbuddy/install/tennisbuddy_description:/home/anoushka/rover_workspace/install/bno055:/opt/ros/humble /usr/bin/cmake --install /home/anoushka/robot10x_ws/build/roverrobotics_gazebo
[0.077s] -- Install configuration: ""
[0.078s] -- Up-to-date: /home/anoushka/robot10x_ws/install/roverrobotics_gazebo/share/roverrobotics_gazebo/launch
[0.082s] -- Up-to-date: /home/anoushka/robot10x_ws/install/roverrobotics_gazebo/share/roverrobotics_gazebo/launch/miti_65_gazebo.launch.py
[0.082s] -- Up-to-date: /home/anoushka/robot10x_ws/install/roverrobotics_gazebo/share/roverrobotics_gazebo/launch/miti_gazebo.launch.py
[0.083s] -- Up-to-date: /home/anoushka/robot10x_ws/install/roverrobotics_gazebo/share/roverrobotics_gazebo/launch/flipper_gazebo.launch.py
[0.083s] -- Up-to-date: /home/anoushka/robot10x_ws/install/roverrobotics_gazebo/share/roverrobotics_gazebo/launch/4wd_rover_gazebo.launch.py
[0.083s] -- Up-to-date: /home/anoushka/robot10x_ws/install/roverrobotics_gazebo/share/roverrobotics_gazebo/launch/mini_gazebo.launch.py
[0.083s] -- Up-to-date: /home/anoushka/robot10x_ws/install/roverrobotics_gazebo/share/roverrobotics_gazebo/launch/2wd_rover_gazebo.launch.py
[0.083s] -- Up-to-date: /home/anoushka/robot10x_ws/install/roverrobotics_gazebo/share/roverrobotics_gazebo/launch/max_gazebo.launch.py
[0.083s] -- Up-to-date: /home/anoushka/robot10x_ws/install/roverrobotics_gazebo/share/roverrobotics_gazebo/worlds
[0.083s] -- Up-to-date: /home/anoushka/robot10x_ws/install/roverrobotics_gazebo/share/roverrobotics_gazebo/worlds/maze.sdf
[0.083s] -- Up-to-date: /home/anoushka/robot10x_ws/install/roverrobotics_gazebo/share/roverrobotics_gazebo/worlds/depot.sdf
[0.083s] -- Up-to-date: /home/anoushka/robot10x_ws/install/roverrobotics_gazebo/share/roverrobotics_gazebo/worlds/warehouse.sdf
[0.084s] -- Up-to-date: /home/anoushka/robot10x_ws/install/roverrobotics_gazebo/share/ament_index/resource_index/package_run_dependencies/roverrobotics_gazebo
[0.085s] -- Up-to-date: /home/anoushka/robot10x_ws/install/roverrobotics_gazebo/share/ament_index/resource_index/parent_prefix_path/roverrobotics_gazebo
[0.085s] -- Up-to-date: /home/anoushka/robot10x_ws/install/roverrobotics_gazebo/share/roverrobotics_gazebo/environment/ament_prefix_path.sh
[0.085s] -- Up-to-date: /home/anoushka/robot10x_ws/install/roverrobotics_gazebo/share/roverrobotics_gazebo/environment/ament_prefix_path.dsv
[0.086s] -- Up-to-date: /home/anoushka/robot10x_ws/install/roverrobotics_gazebo/share/roverrobotics_gazebo/environment/path.sh
[0.086s] -- Up-to-date: /home/anoushka/robot10x_ws/install/roverrobotics_gazebo/share/roverrobotics_gazebo/environment/path.dsv
[0.086s] -- Up-to-date: /home/anoushka/robot10x_ws/install/roverrobotics_gazebo/share/roverrobotics_gazebo/local_setup.bash
[0.086s] -- Up-to-date: /home/anoushka/robot10x_ws/install/roverrobotics_gazebo/share/roverrobotics_gazebo/local_setup.sh
[0.086s] -- Up-to-date: /home/anoushka/robot10x_ws/install/roverrobotics_gazebo/share/roverrobotics_gazebo/local_setup.zsh
[0.086s] -- Up-to-date: /home/anoushka/robot10x_ws/install/roverrobotics_gazebo/share/roverrobotics_gazebo/local_setup.dsv
[0.086s] -- Up-to-date: /home/anoushka/robot10x_ws/install/roverrobotics_gazebo/share/roverrobotics_gazebo/package.dsv
[0.087s] -- Up-to-date: /home/anoushka/robot10x_ws/install/roverrobotics_gazebo/share/ament_index/resource_index/packages/roverrobotics_gazebo
[0.087s] -- Up-to-date: /home/anoushka/robot10x_ws/install/roverrobotics_gazebo/share/roverrobotics_gazebo/cmake/roverrobotics_gazeboConfig.cmake
[0.087s] -- Up-to-date: /home/anoushka/robot10x_ws/install/roverrobotics_gazebo/share/roverrobotics_gazebo/cmake/roverrobotics_gazeboConfig-version.cmake
[0.087s] -- Up-to-date: /home/anoushka/robot10x_ws/install/roverrobotics_gazebo/share/roverrobotics_gazebo/package.xml
[0.089s] Invoked command in '/home/anoushka/robot10x_ws/build/roverrobotics_gazebo' returned '0': AMENT_PREFIX_PATH=/home/anoushka/robot10x_ws/install/roverrobotics_description:${AMENT_PREFIX_PATH} CMAKE_PREFIX_PATH=/home/anoushka/robot10x_ws/install/roverrobotics_description:/home/anoushka/rover_workspace/install/rplidar_ros:/home/anoushka/rover_workspace/install/roverrobotics_input_manager:/home/anoushka/rover_workspace/install/roverrobotics_gazebo:/home/anoushka/rover_workspace/install/roverrobotics_driver:/home/anoushka/rover_workspace/install/roverrobotics_description:/home/anoushka/tennis_buddy/tennisbuddy/install/tennisbuddy_ros2_control:/home/anoushka/tennis_buddy/tennisbuddy/install/tennisbuddy_planning:/home/anoushka/tennis_buddy/tennisbuddy/install/tennisbuddy_perception:/home/anoushka/tennis_buddy/tennisbuddy/install/tennisbuddy_gazebo:/home/anoushka/tennis_buddy/tennisbuddy/install/tennisbuddy_description:/home/anoushka/rover_workspace/install/bno055:/opt/ros/humble /usr/bin/cmake --install /home/anoushka/robot10x_ws/build/roverrobotics_gazebo
