[0.074s] Invoking command in '/home/anoushka/robot10x_ws/build/roverrobotics_gazebo': AMENT_PREFIX_PATH=/home/anoushka/robot10x_ws/install/roverrobotics_description:${AMENT_PREFIX_PATH} CMAKE_PREFIX_PATH=/home/anoushka/robot10x_ws/install/roverrobotics_description:/home/anoushka/planning_ws/install/tennisbuddy_gazebo:/home/anoushka/planning_ws/install/tennisbuddy_description:/home/anoushka/rover_workspace/install/rplidar_ros:/home/anoushka/rover_workspace/install/roverrobotics_input_manager:/home/anoushka/rover_workspace/install/roverrobotics_gazebo:/home/anoushka/rover_workspace/install/roverrobotics_driver:/home/anoushka/rover_workspace/install/roverrobotics_description:/home/anoushka/tennis_buddy/tennisbuddy/install/tennisbuddy_ros2_control:/home/anoushka/tennis_buddy/tennisbuddy/install/tennisbuddy_planning:/home/anoushka/tennis_buddy/tennisbuddy/install/tennisbuddy_perception:/home/anoushka/tennis_buddy/tennisbuddy/install/tennisbuddy_gazebo:/home/anoushka/tennis_buddy/tennisbuddy/install/tennisbuddy_description:/home/anoushka/rover_workspace/install/bno055:/opt/ros/humble /usr/bin/cmake /home/anoushka/robot10x_ws/src/roverrobotics_ros2/roverrobotics_gazebo -DCMAKE_INSTALL_PREFIX=/home/anoushka/robot10x_ws/install/roverrobotics_gazebo
[0.277s] -- The C compiler identification is GNU 11.4.0
[0.452s] -- The CXX compiler identification is GNU 11.4.0
[0.491s] -- Detecting C compiler ABI info
[0.795s] -- Detecting C compiler ABI info - done
[0.801s] -- Check for working C compiler: /usr/bin/cc - skipped
[0.801s] -- Detecting C compile features
[0.802s] -- Detecting C compile features - done
[0.805s] -- Detecting CXX compiler ABI info
[1.131s] -- Detecting CXX compiler ABI info - done
[1.152s] -- Check for working CXX compiler: /usr/bin/c++ - skipped
[1.152s] -- Detecting CXX compile features
[1.155s] -- Detecting CXX compile features - done
[1.175s] -- Found ament_cmake: 1.3.11 (/opt/ros/humble/share/ament_cmake/cmake)
[1.613s] -- Found Python3: /usr/bin/python3 (found version "3.10.12") found components: Interpreter 
[1.929s] -- Found ament_lint_auto: 0.12.12 (/opt/ros/humble/share/ament_lint_auto/cmake)
[2.083s] -- Added test 'copyright' to check source files copyright and LICENSE
[2.087s] -- Added test 'flake8' to check Python code syntax and style conventions
[2.087s] -- Added test 'lint_cmake' to check CMake code style
[2.089s] -- Added test 'pep257' to check Python code against some of the docstring style conventions in PEP 257
[2.092s] -- Added test 'xmllint' to check XML markup files
[2.093s] -- Configuring done
[2.117s] -- Generating done
[2.117s] -- Build files have been written to: /home/anoushka/robot10x_ws/build/roverrobotics_gazebo
[2.139s] Invoked command in '/home/anoushka/robot10x_ws/build/roverrobotics_gazebo' returned '0': AMENT_PREFIX_PATH=/home/anoushka/robot10x_ws/install/roverrobotics_description:${AMENT_PREFIX_PATH} CMAKE_PREFIX_PATH=/home/anoushka/robot10x_ws/install/roverrobotics_description:/home/anoushka/planning_ws/install/tennisbuddy_gazebo:/home/anoushka/planning_ws/install/tennisbuddy_description:/home/anoushka/rover_workspace/install/rplidar_ros:/home/anoushka/rover_workspace/install/roverrobotics_input_manager:/home/anoushka/rover_workspace/install/roverrobotics_gazebo:/home/anoushka/rover_workspace/install/roverrobotics_driver:/home/anoushka/rover_workspace/install/roverrobotics_description:/home/anoushka/tennis_buddy/tennisbuddy/install/tennisbuddy_ros2_control:/home/anoushka/tennis_buddy/tennisbuddy/install/tennisbuddy_planning:/home/anoushka/tennis_buddy/tennisbuddy/install/tennisbuddy_perception:/home/anoushka/tennis_buddy/tennisbuddy/install/tennisbuddy_gazebo:/home/anoushka/tennis_buddy/tennisbuddy/install/tennisbuddy_description:/home/anoushka/rover_workspace/install/bno055:/opt/ros/humble /usr/bin/cmake /home/anoushka/robot10x_ws/src/roverrobotics_ros2/roverrobotics_gazebo -DCMAKE_INSTALL_PREFIX=/home/anoushka/robot10x_ws/install/roverrobotics_gazebo
[2.155s] Invoking command in '/home/anoushka/robot10x_ws/build/roverrobotics_gazebo': AMENT_PREFIX_PATH=/home/anoushka/robot10x_ws/install/roverrobotics_description:${AMENT_PREFIX_PATH} CMAKE_PREFIX_PATH=/home/anoushka/robot10x_ws/install/roverrobotics_description:/home/anoushka/planning_ws/install/tennisbuddy_gazebo:/home/anoushka/planning_ws/install/tennisbuddy_description:/home/anoushka/rover_workspace/install/rplidar_ros:/home/anoushka/rover_workspace/install/roverrobotics_input_manager:/home/anoushka/rover_workspace/install/roverrobotics_gazebo:/home/anoushka/rover_workspace/install/roverrobotics_driver:/home/anoushka/rover_workspace/install/roverrobotics_description:/home/anoushka/tennis_buddy/tennisbuddy/install/tennisbuddy_ros2_control:/home/anoushka/tennis_buddy/tennisbuddy/install/tennisbuddy_planning:/home/anoushka/tennis_buddy/tennisbuddy/install/tennisbuddy_perception:/home/anoushka/tennis_buddy/tennisbuddy/install/tennisbuddy_gazebo:/home/anoushka/tennis_buddy/tennisbuddy/install/tennisbuddy_description:/home/anoushka/rover_workspace/install/bno055:/opt/ros/humble /usr/bin/cmake --build /home/anoushka/robot10x_ws/build/roverrobotics_gazebo -- -j8 -l8
[2.214s] Invoked command in '/home/anoushka/robot10x_ws/build/roverrobotics_gazebo' returned '0': AMENT_PREFIX_PATH=/home/anoushka/robot10x_ws/install/roverrobotics_description:${AMENT_PREFIX_PATH} CMAKE_PREFIX_PATH=/home/anoushka/robot10x_ws/install/roverrobotics_description:/home/anoushka/planning_ws/install/tennisbuddy_gazebo:/home/anoushka/planning_ws/install/tennisbuddy_description:/home/anoushka/rover_workspace/install/rplidar_ros:/home/anoushka/rover_workspace/install/roverrobotics_input_manager:/home/anoushka/rover_workspace/install/roverrobotics_gazebo:/home/anoushka/rover_workspace/install/roverrobotics_driver:/home/anoushka/rover_workspace/install/roverrobotics_description:/home/anoushka/tennis_buddy/tennisbuddy/install/tennisbuddy_ros2_control:/home/anoushka/tennis_buddy/tennisbuddy/install/tennisbuddy_planning:/home/anoushka/tennis_buddy/tennisbuddy/install/tennisbuddy_perception:/home/anoushka/tennis_buddy/tennisbuddy/install/tennisbuddy_gazebo:/home/anoushka/tennis_buddy/tennisbuddy/install/tennisbuddy_description:/home/anoushka/rover_workspace/install/bno055:/opt/ros/humble /usr/bin/cmake --build /home/anoushka/robot10x_ws/build/roverrobotics_gazebo -- -j8 -l8
[2.214s] Invoking command in '/home/anoushka/robot10x_ws/build/roverrobotics_gazebo': AMENT_PREFIX_PATH=/home/anoushka/robot10x_ws/install/roverrobotics_description:${AMENT_PREFIX_PATH} CMAKE_PREFIX_PATH=/home/anoushka/robot10x_ws/install/roverrobotics_description:/home/anoushka/planning_ws/install/tennisbuddy_gazebo:/home/anoushka/planning_ws/install/tennisbuddy_description:/home/anoushka/rover_workspace/install/rplidar_ros:/home/anoushka/rover_workspace/install/roverrobotics_input_manager:/home/anoushka/rover_workspace/install/roverrobotics_gazebo:/home/anoushka/rover_workspace/install/roverrobotics_driver:/home/anoushka/rover_workspace/install/roverrobotics_description:/home/anoushka/tennis_buddy/tennisbuddy/install/tennisbuddy_ros2_control:/home/anoushka/tennis_buddy/tennisbuddy/install/tennisbuddy_planning:/home/anoushka/tennis_buddy/tennisbuddy/install/tennisbuddy_perception:/home/anoushka/tennis_buddy/tennisbuddy/install/tennisbuddy_gazebo:/home/anoushka/tennis_buddy/tennisbuddy/install/tennisbuddy_description:/home/anoushka/rover_workspace/install/bno055:/opt/ros/humble /usr/bin/cmake --install /home/anoushka/robot10x_ws/build/roverrobotics_gazebo
[2.221s] -- Install configuration: ""
[2.221s] -- Installing: /home/anoushka/robot10x_ws/install/roverrobotics_gazebo/share/roverrobotics_gazebo/launch
[2.222s] -- Installing: /home/anoushka/robot10x_ws/install/roverrobotics_gazebo/share/roverrobotics_gazebo/launch/miti_65_gazebo.launch.py
[2.222s] -- Installing: /home/anoushka/robot10x_ws/install/roverrobotics_gazebo/share/roverrobotics_gazebo/launch/miti_gazebo.launch.py
[2.222s] -- Installing: /home/anoushka/robot10x_ws/install/roverrobotics_gazebo/share/roverrobotics_gazebo/launch/flipper_gazebo.launch.py
[2.223s] -- Installing: /home/anoushka/robot10x_ws/install/roverrobotics_gazebo/share/roverrobotics_gazebo/launch/4wd_rover_gazebo.launch.py
[2.224s] -- Installing: /home/anoushka/robot10x_ws/install/roverrobotics_gazebo/share/roverrobotics_gazebo/launch/mini_gazebo.launch.py
[2.224s] -- Installing: /home/anoushka/robot10x_ws/install/roverrobotics_gazebo/share/roverrobotics_gazebo/launch/2wd_rover_gazebo.launch.py
[2.224s] -- Installing: /home/anoushka/robot10x_ws/install/roverrobotics_gazebo/share/roverrobotics_gazebo/launch/max_gazebo.launch.py
[2.224s] -- Installing: /home/anoushka/robot10x_ws/install/roverrobotics_gazebo/share/roverrobotics_gazebo/worlds
[2.225s] -- Installing: /home/anoushka/robot10x_ws/install/roverrobotics_gazebo/share/roverrobotics_gazebo/worlds/maze.sdf
[2.226s] -- Installing: /home/anoushka/robot10x_ws/install/roverrobotics_gazebo/share/roverrobotics_gazebo/worlds/depot.sdf
[2.226s] -- Installing: /home/anoushka/robot10x_ws/install/roverrobotics_gazebo/share/roverrobotics_gazebo/worlds/warehouse.sdf
[2.227s] -- Installing: /home/anoushka/robot10x_ws/install/roverrobotics_gazebo/share/ament_index/resource_index/package_run_dependencies/roverrobotics_gazebo
[2.227s] -- Installing: /home/anoushka/robot10x_ws/install/roverrobotics_gazebo/share/ament_index/resource_index/parent_prefix_path/roverrobotics_gazebo
[2.229s] -- Installing: /home/anoushka/robot10x_ws/install/roverrobotics_gazebo/share/roverrobotics_gazebo/environment/ament_prefix_path.sh
[2.229s] -- Installing: /home/anoushka/robot10x_ws/install/roverrobotics_gazebo/share/roverrobotics_gazebo/environment/ament_prefix_path.dsv
[2.229s] -- Installing: /home/anoushka/robot10x_ws/install/roverrobotics_gazebo/share/roverrobotics_gazebo/environment/path.sh
[2.233s] -- Installing: /home/anoushka/robot10x_ws/install/roverrobotics_gazebo/share/roverrobotics_gazebo/environment/path.dsv
[2.233s] -- Installing: /home/anoushka/robot10x_ws/install/roverrobotics_gazebo/share/roverrobotics_gazebo/local_setup.bash
[2.233s] -- Installing: /home/anoushka/robot10x_ws/install/roverrobotics_gazebo/share/roverrobotics_gazebo/local_setup.sh
[2.233s] -- Installing: /home/anoushka/robot10x_ws/install/roverrobotics_gazebo/share/roverrobotics_gazebo/local_setup.zsh
[2.233s] -- Installing: /home/anoushka/robot10x_ws/install/roverrobotics_gazebo/share/roverrobotics_gazebo/local_setup.dsv
[2.233s] -- Installing: /home/anoushka/robot10x_ws/install/roverrobotics_gazebo/share/roverrobotics_gazebo/package.dsv
[2.233s] -- Installing: /home/anoushka/robot10x_ws/install/roverrobotics_gazebo/share/ament_index/resource_index/packages/roverrobotics_gazebo
[2.234s] -- Installing: /home/anoushka/robot10x_ws/install/roverrobotics_gazebo/share/roverrobotics_gazebo/cmake/roverrobotics_gazeboConfig.cmake
[2.234s] -- Installing: /home/anoushka/robot10x_ws/install/roverrobotics_gazebo/share/roverrobotics_gazebo/cmake/roverrobotics_gazeboConfig-version.cmake
[2.234s] -- Installing: /home/anoushka/robot10x_ws/install/roverrobotics_gazebo/share/roverrobotics_gazebo/package.xml
[2.248s] Invoked command in '/home/anoushka/robot10x_ws/build/roverrobotics_gazebo' returned '0': AMENT_PREFIX_PATH=/home/anoushka/robot10x_ws/install/roverrobotics_description:${AMENT_PREFIX_PATH} CMAKE_PREFIX_PATH=/home/anoushka/robot10x_ws/install/roverrobotics_description:/home/anoushka/planning_ws/install/tennisbuddy_gazebo:/home/anoushka/planning_ws/install/tennisbuddy_description:/home/anoushka/rover_workspace/install/rplidar_ros:/home/anoushka/rover_workspace/install/roverrobotics_input_manager:/home/anoushka/rover_workspace/install/roverrobotics_gazebo:/home/anoushka/rover_workspace/install/roverrobotics_driver:/home/anoushka/rover_workspace/install/roverrobotics_description:/home/anoushka/tennis_buddy/tennisbuddy/install/tennisbuddy_ros2_control:/home/anoushka/tennis_buddy/tennisbuddy/install/tennisbuddy_planning:/home/anoushka/tennis_buddy/tennisbuddy/install/tennisbuddy_perception:/home/anoushka/tennis_buddy/tennisbuddy/install/tennisbuddy_gazebo:/home/anoushka/tennis_buddy/tennisbuddy/install/tennisbuddy_description:/home/anoushka/rover_workspace/install/bno055:/opt/ros/humble /usr/bin/cmake --install /home/anoushka/robot10x_ws/build/roverrobotics_gazebo
