[0.083s] Invoking command in '/home/anoushka/robot10x_ws/build/roverrobotics_description': CMAKE_PREFIX_PATH=${CMAKE_PREFIX_PATH}:/home/anoushka/robot10x_ws/install/trajectory_tracking:/home/anoushka/robot10x_ws/install/trajectory_generation:/home/anoushka/robot10x_ws/install/simulation_launch:/home/anoushka/robot10x_ws/install/path_smoothing:/home/anoushka/rover_workspace/install/bno055:/opt/ros/humble /usr/bin/cmake --build /home/anoushka/robot10x_ws/build/roverrobotics_description -- -j8 -l8
[1.026s] Invoked command in '/home/anoushka/robot10x_ws/build/roverrobotics_description' returned '0': CMAKE_PREFIX_PATH=${CMAKE_PREFIX_PATH}:/home/anoushka/robot10x_ws/install/trajectory_tracking:/home/anoushka/robot10x_ws/install/trajectory_generation:/home/anoushka/robot10x_ws/install/simulation_launch:/home/anoushka/robot10x_ws/install/path_smoothing:/home/anoushka/rover_workspace/install/bno055:/opt/ros/humble /usr/bin/cmake --build /home/anoushka/robot10x_ws/build/roverrobotics_description -- -j8 -l8
[1.054s] Invoking command in '/home/anoushka/robot10x_ws/build/roverrobotics_description': CMAKE_PREFIX_PATH=${CMAKE_PREFIX_PATH}:/home/anoushka/robot10x_ws/install/trajectory_tracking:/home/anoushka/robot10x_ws/install/trajectory_generation:/home/anoushka/robot10x_ws/install/simulation_launch:/home/anoushka/robot10x_ws/install/path_smoothing:/home/anoushka/rover_workspace/install/bno055:/opt/ros/humble /usr/bin/cmake --install /home/anoushka/robot10x_ws/build/roverrobotics_description
[1.119s] -- Install configuration: ""
[1.119s] -- Up-to-date: /home/anoushka/robot10x_ws/install/roverrobotics_description/share/roverrobotics_description/rviz
[1.120s] -- Up-to-date: /home/anoushka/robot10x_ws/install/roverrobotics_description/share/roverrobotics_description/rviz/urdf.rviz
[1.120s] -- Up-to-date: /home/anoushka/robot10x_ws/install/roverrobotics_description/share/roverrobotics_description/launch
[1.120s] -- Up-to-date: /home/anoushka/robot10x_ws/install/roverrobotics_description/share/roverrobotics_description/launch/display_miti_65.launch.py
[1.120s] -- Up-to-date: /home/anoushka/robot10x_ws/install/roverrobotics_description/share/roverrobotics_description/launch/display_max.launch.py
[1.120s] -- Up-to-date: /home/anoushka/robot10x_ws/install/roverrobotics_description/share/roverrobotics_description/launch/display_2wd_rover.launch.py
[1.122s] -- Up-to-date: /home/anoushka/robot10x_ws/install/roverrobotics_description/share/roverrobotics_description/launch/display_miti.launch.py
[1.122s] -- Up-to-date: /home/anoushka/robot10x_ws/install/roverrobotics_description/share/roverrobotics_description/launch/display_mini.launch.py
[1.122s] -- Up-to-date: /home/anoushka/robot10x_ws/install/roverrobotics_description/share/roverrobotics_description/launch/display_flipper.launch.py
[1.122s] -- Up-to-date: /home/anoushka/robot10x_ws/install/roverrobotics_description/share/roverrobotics_description/launch/display_4wd_rover.launch.py
[1.122s] -- Up-to-date: /home/anoushka/robot10x_ws/install/roverrobotics_description/share/roverrobotics_description/meshes
[1.122s] -- Up-to-date: /home/anoushka/robot10x_ws/install/roverrobotics_description/share/roverrobotics_description/meshes/max_wheels_15in.dae
[1.122s] -- Up-to-date: /home/anoushka/robot10x_ws/install/roverrobotics_description/share/roverrobotics_description/meshes/max_wheels_13in.dae
[1.122s] -- Up-to-date: /home/anoushka/robot10x_ws/install/roverrobotics_description/share/roverrobotics_description/meshes/miti_chassis_new.dae
[1.122s] -- Up-to-date: /home/anoushka/robot10x_ws/install/roverrobotics_description/share/roverrobotics_description/meshes/mini_chassis_new.dae
[1.122s] -- Up-to-date: /home/anoushka/robot10x_ws/install/roverrobotics_description/share/roverrobotics_description/meshes/castor_housing.dae
[1.122s] -- Up-to-date: /home/anoushka/robot10x_ws/install/roverrobotics_description/share/roverrobotics_description/meshes/hub_6.5in.dae
[1.122s] -- Up-to-date: /home/anoushka/robot10x_ws/install/roverrobotics_description/share/roverrobotics_description/meshes/rover_2wd_core.dae
[1.122s] -- Up-to-date: /home/anoushka/robot10x_ws/install/roverrobotics_description/share/roverrobotics_description/meshes/mini_chassis.dae
[1.122s] -- Up-to-date: /home/anoushka/robot10x_ws/install/roverrobotics_description/share/roverrobotics_description/meshes/flipper_track.dae
[1.122s] -- Up-to-date: /home/anoushka/robot10x_ws/install/roverrobotics_description/share/roverrobotics_description/meshes/flipper.dae
[1.122s] -- Up-to-date: /home/anoushka/robot10x_ws/install/roverrobotics_description/share/roverrobotics_description/meshes/65wheels.dae
[1.122s] -- Up-to-date: /home/anoushka/robot10x_ws/install/roverrobotics_description/share/roverrobotics_description/meshes/max_chassis.dae
[1.122s] -- Up-to-date: /home/anoushka/robot10x_ws/install/roverrobotics_description/share/roverrobotics_description/meshes/rplidar_s2.dae
[1.122s] -- Up-to-date: /home/anoushka/robot10x_ws/install/roverrobotics_description/share/roverrobotics_description/meshes/flipper_chassis.dae
[1.122s] -- Up-to-date: /home/anoushka/robot10x_ws/install/roverrobotics_description/share/roverrobotics_description/meshes/rover_payload.dae
[1.122s] -- Up-to-date: /home/anoushka/robot10x_ws/install/roverrobotics_description/share/roverrobotics_description/meshes/pro_tire.dae
[1.122s] -- Up-to-date: /home/anoushka/robot10x_ws/install/roverrobotics_description/share/roverrobotics_description/meshes/hub_10in.dae
[1.123s] -- Up-to-date: /home/anoushka/robot10x_ws/install/roverrobotics_description/share/roverrobotics_description/meshes/max_wheels_10in.dae
[1.123s] -- Up-to-date: /home/anoushka/robot10x_ws/install/roverrobotics_description/share/roverrobotics_description/meshes/castor.dae
[1.135s] -- Up-to-date: /home/anoushka/robot10x_ws/install/roverrobotics_description/share/roverrobotics_description/meshes/miti_chassis.dae
[1.135s] -- Up-to-date: /home/anoushka/robot10x_ws/install/roverrobotics_description/share/roverrobotics_description/urdf
[1.135s] -- Up-to-date: /home/anoushka/robot10x_ws/install/roverrobotics_description/share/roverrobotics_description/urdf/miti_65.urdf
[1.135s] -- Up-to-date: /home/anoushka/robot10x_ws/install/roverrobotics_description/share/roverrobotics_description/urdf/max_100.urdf
[1.135s] -- Up-to-date: /home/anoushka/robot10x_ws/install/roverrobotics_description/share/roverrobotics_description/urdf/max_130.urdf
[1.135s] -- Up-to-date: /home/anoushka/robot10x_ws/install/roverrobotics_description/share/roverrobotics_description/urdf/max.urdf
[1.135s] -- Up-to-date: /home/anoushka/robot10x_ws/install/roverrobotics_description/share/roverrobotics_description/urdf/accessories
[1.135s] -- Up-to-date: /home/anoushka/robot10x_ws/install/roverrobotics_description/share/roverrobotics_description/urdf/accessories/rplidar_s2.urdf
[1.135s] -- Up-to-date: /home/anoushka/robot10x_ws/install/roverrobotics_description/share/roverrobotics_description/urdf/accessories/rover_dev_payload.urdf
[1.135s] -- Up-to-date: /home/anoushka/robot10x_ws/install/roverrobotics_description/share/roverrobotics_description/urdf/accessories/imu.urdf
[1.135s] -- Up-to-date: /home/anoushka/robot10x_ws/install/roverrobotics_description/share/roverrobotics_description/urdf/rover_2wd.urdf
[1.135s] -- Up-to-date: /home/anoushka/robot10x_ws/install/roverrobotics_description/share/roverrobotics_description/urdf/flipper.urdf
[1.135s] -- Up-to-date: /home/anoushka/robot10x_ws/install/roverrobotics_description/share/roverrobotics_description/urdf/max_150.urdf
[1.135s] -- Up-to-date: /home/anoushka/robot10x_ws/install/roverrobotics_description/share/roverrobotics_description/urdf/miti.urdf
[1.135s] -- Up-to-date: /home/anoushka/robot10x_ws/install/roverrobotics_description/share/roverrobotics_description/urdf/mini.urdf
[1.135s] -- Up-to-date: /home/anoushka/robot10x_ws/install/roverrobotics_description/share/roverrobotics_description/urdf/max_65.urdf
[1.135s] -- Up-to-date: /home/anoushka/robot10x_ws/install/roverrobotics_description/share/roverrobotics_description/urdf/rover_4wd.urdf
[1.135s] -- Up-to-date: /home/anoushka/robot10x_ws/install/roverrobotics_description/share/ament_index/resource_index/package_run_dependencies/roverrobotics_description
[1.136s] -- Up-to-date: /home/anoushka/robot10x_ws/install/roverrobotics_description/share/ament_index/resource_index/parent_prefix_path/roverrobotics_description
[1.136s] -- Up-to-date: /home/anoushka/robot10x_ws/install/roverrobotics_description/share/roverrobotics_description/environment/ament_prefix_path.sh
[1.136s] -- Up-to-date: /home/anoushka/robot10x_ws/install/roverrobotics_description/share/roverrobotics_description/environment/ament_prefix_path.dsv
[1.136s] -- Up-to-date: /home/anoushka/robot10x_ws/install/roverrobotics_description/share/roverrobotics_description/environment/path.sh
[1.136s] -- Up-to-date: /home/anoushka/robot10x_ws/install/roverrobotics_description/share/roverrobotics_description/environment/path.dsv
[1.136s] -- Up-to-date: /home/anoushka/robot10x_ws/install/roverrobotics_description/share/roverrobotics_description/local_setup.bash
[1.136s] -- Up-to-date: /home/anoushka/robot10x_ws/install/roverrobotics_description/share/roverrobotics_description/local_setup.sh
[1.136s] -- Up-to-date: /home/anoushka/robot10x_ws/install/roverrobotics_description/share/roverrobotics_description/local_setup.zsh
[1.136s] -- Up-to-date: /home/anoushka/robot10x_ws/install/roverrobotics_description/share/roverrobotics_description/local_setup.dsv
[1.136s] -- Installing: /home/anoushka/robot10x_ws/install/roverrobotics_description/share/roverrobotics_description/package.dsv
[1.136s] -- Up-to-date: /home/anoushka/robot10x_ws/install/roverrobotics_description/share/ament_index/resource_index/packages/roverrobotics_description
[1.136s] -- Up-to-date: /home/anoushka/robot10x_ws/install/roverrobotics_description/share/roverrobotics_description/cmake/roverrobotics_descriptionConfig.cmake
[1.136s] -- Up-to-date: /home/anoushka/robot10x_ws/install/roverrobotics_description/share/roverrobotics_description/cmake/roverrobotics_descriptionConfig-version.cmake
[1.136s] -- Up-to-date: /home/anoushka/robot10x_ws/install/roverrobotics_description/share/roverrobotics_description/package.xml
[1.158s] Invoked command in '/home/anoushka/robot10x_ws/build/roverrobotics_description' returned '0': CMAKE_PREFIX_PATH=${CMAKE_PREFIX_PATH}:/home/anoushka/robot10x_ws/install/trajectory_tracking:/home/anoushka/robot10x_ws/install/trajectory_generation:/home/anoushka/robot10x_ws/install/simulation_launch:/home/anoushka/robot10x_ws/install/path_smoothing:/home/anoushka/rover_workspace/install/bno055:/opt/ros/humble /usr/bin/cmake --install /home/anoushka/robot10x_ws/build/roverrobotics_description
