[0.051s] Invoking command in '/home/anoushka/robot10x_ws/build/roverrobotics_input_manager': CMAKE_PREFIX_PATH=${CMAKE_PREFIX_PATH}:/home/anoushka/rover_workspace/install/bno055:/opt/ros/humble /usr/bin/cmake /home/anoushka/robot10x_ws/src/roverrobotics_ros2/roverrobotics_input_manager -DCMAKE_INSTALL_PREFIX=/home/anoushka/robot10x_ws/install/roverrobotics_input_manager
[0.371s] -- The C compiler identification is GNU 11.4.0
[0.594s] -- The CXX compiler identification is GNU 11.4.0
[0.602s] -- Detecting C compiler ABI info
[0.750s] -- Detecting C compiler ABI info - done
[0.758s] -- Check for working C compiler: /usr/bin/cc - skipped
[0.758s] -- Detecting C compile features
[0.758s] -- Detecting C compile features - done
[0.760s] -- Detecting CXX compiler ABI info
[0.843s] -- Detecting CXX compiler ABI info - done
[0.848s] -- Check for working CXX compiler: /usr/bin/c++ - skipped
[0.849s] -- Detecting CXX compile features
[0.849s] -- Detecting CXX compile features - done
[0.857s] -- Found ament_cmake: 1.3.11 (/opt/ros/humble/share/ament_cmake/cmake)
[0.984s] -- Found Python3: /usr/bin/python3 (found version "3.10.12") found components: Interpreter 
[1.151s] -- Configuring done
[1.158s] -- Generating done
[1.163s] -- Build files have been written to: /home/anoushka/robot10x_ws/build/roverrobotics_input_manager
[1.180s] Invoked command in '/home/anoushka/robot10x_ws/build/roverrobotics_input_manager' returned '0': CMAKE_PREFIX_PATH=${CMAKE_PREFIX_PATH}:/home/anoushka/rover_workspace/install/bno055:/opt/ros/humble /usr/bin/cmake /home/anoushka/robot10x_ws/src/roverrobotics_ros2/roverrobotics_input_manager -DCMAKE_INSTALL_PREFIX=/home/anoushka/robot10x_ws/install/roverrobotics_input_manager
[1.181s] Invoking command in '/home/anoushka/robot10x_ws/build/roverrobotics_input_manager': CMAKE_PREFIX_PATH=${CMAKE_PREFIX_PATH}:/home/anoushka/rover_workspace/install/bno055:/opt/ros/humble /usr/bin/cmake --build /home/anoushka/robot10x_ws/build/roverrobotics_input_manager -- -j8 -l8
[1.212s] Invoked command in '/home/anoushka/robot10x_ws/build/roverrobotics_input_manager' returned '0': CMAKE_PREFIX_PATH=${CMAKE_PREFIX_PATH}:/home/anoushka/rover_workspace/install/bno055:/opt/ros/humble /usr/bin/cmake --build /home/anoushka/robot10x_ws/build/roverrobotics_input_manager -- -j8 -l8
[1.218s] Invoking command in '/home/anoushka/robot10x_ws/build/roverrobotics_input_manager': CMAKE_PREFIX_PATH=${CMAKE_PREFIX_PATH}:/home/anoushka/rover_workspace/install/bno055:/opt/ros/humble /usr/bin/cmake --install /home/anoushka/robot10x_ws/build/roverrobotics_input_manager
[1.223s] -- Install configuration: ""
[1.223s] -- Installing: /home/anoushka/robot10x_ws/install/roverrobotics_input_manager/lib/roverrobotics_input_manager/modules
[1.223s] -- Installing: /home/anoushka/robot10x_ws/install/roverrobotics_input_manager/lib/roverrobotics_input_manager/modules/Controller.py
[1.226s] -- Installing: /home/anoushka/robot10x_ws/install/roverrobotics_input_manager/lib/roverrobotics_input_manager/modules/__pycache__
[1.227s] -- Installing: /home/anoushka/robot10x_ws/install/roverrobotics_input_manager/lib/roverrobotics_input_manager/modules/__pycache__/Controller.cpython-38.pyc
[1.228s] -- Installing: /home/anoushka/robot10x_ws/install/roverrobotics_input_manager/lib/roverrobotics_input_manager/modules/__pycache__/Controller.cpython-310.pyc
[1.228s] -- Installing: /home/anoushka/robot10x_ws/install/roverrobotics_input_manager/lib/roverrobotics_input_manager/modules/__pycache__/Topics.cpython-38.pyc
[1.229s] -- Installing: /home/anoushka/robot10x_ws/install/roverrobotics_input_manager/lib/roverrobotics_input_manager/modules/__pycache__/Topics.cpython-310.pyc
[1.229s] -- Installing: /home/anoushka/robot10x_ws/install/roverrobotics_input_manager/lib/roverrobotics_input_manager/modules/Topics.py
[1.231s] -- Installing: /home/anoushka/robot10x_ws/install/roverrobotics_input_manager/lib/roverrobotics_input_manager/joys_manager.py
[1.232s] -- Installing: /home/anoushka/robot10x_ws/install/roverrobotics_input_manager/share/ament_index/resource_index/package_run_dependencies/roverrobotics_input_manager
[1.235s] -- Installing: /home/anoushka/robot10x_ws/install/roverrobotics_input_manager/share/ament_index/resource_index/parent_prefix_path/roverrobotics_input_manager
[1.236s] -- Installing: /home/anoushka/robot10x_ws/install/roverrobotics_input_manager/share/roverrobotics_input_manager/environment/ament_prefix_path.sh
[1.236s] -- Installing: /home/anoushka/robot10x_ws/install/roverrobotics_input_manager/share/roverrobotics_input_manager/environment/ament_prefix_path.dsv
[1.236s] -- Installing: /home/anoushka/robot10x_ws/install/roverrobotics_input_manager/share/roverrobotics_input_manager/environment/path.sh
[1.242s] -- Installing: /home/anoushka/robot10x_ws/install/roverrobotics_input_manager/share/roverrobotics_input_manager/environment/path.dsv
[1.242s] -- Installing: /home/anoushka/robot10x_ws/install/roverrobotics_input_manager/share/roverrobotics_input_manager/local_setup.bash
[1.242s] -- Installing: /home/anoushka/robot10x_ws/install/roverrobotics_input_manager/share/roverrobotics_input_manager/local_setup.sh
[1.242s] -- Installing: /home/anoushka/robot10x_ws/install/roverrobotics_input_manager/share/roverrobotics_input_manager/local_setup.zsh
[1.242s] -- Installing: /home/anoushka/robot10x_ws/install/roverrobotics_input_manager/share/roverrobotics_input_manager/local_setup.dsv
[1.242s] -- Installing: /home/anoushka/robot10x_ws/install/roverrobotics_input_manager/share/roverrobotics_input_manager/package.dsv
[1.243s] -- Installing: /home/anoushka/robot10x_ws/install/roverrobotics_input_manager/share/ament_index/resource_index/packages/roverrobotics_input_manager
[1.243s] -- Installing: /home/anoushka/robot10x_ws/install/roverrobotics_input_manager/share/roverrobotics_input_manager/cmake/roverrobotics_input_managerConfig.cmake
[1.243s] -- Installing: /home/anoushka/robot10x_ws/install/roverrobotics_input_manager/share/roverrobotics_input_manager/cmake/roverrobotics_input_managerConfig-version.cmake
[1.244s] -- Installing: /home/anoushka/robot10x_ws/install/roverrobotics_input_manager/share/roverrobotics_input_manager/package.xml
[1.248s] Invoked command in '/home/anoushka/robot10x_ws/build/roverrobotics_input_manager' returned '0': CMAKE_PREFIX_PATH=${CMAKE_PREFIX_PATH}:/home/anoushka/rover_workspace/install/bno055:/opt/ros/humble /usr/bin/cmake --install /home/anoushka/robot10x_ws/build/roverrobotics_input_manager
