[0.953s] Invoking command in '/home/anoushka/robot10x_ws/src/simulation_launch': CMAKE_PREFIX_PATH=/home/anoushka/robot10x_ws/install/roverrobotics_gazebo:/home/anoushka/robot10x_ws/install/roverrobotics_description:/home/anoushka/robot10x_ws/install/roverrobotics_input_manager:/home/anoushka/robot10x_ws/install/roverrobotics_driver:/home/anoushka/rover_workspace/install/rplidar_ros:/home/anoushka/rover_workspace/install/roverrobotics_input_manager:/home/anoushka/rover_workspace/install/roverrobotics_gazebo:/home/anoushka/rover_workspace/install/roverrobotics_driver:/home/anoushka/rover_workspace/install/roverrobotics_description:/home/anoushka/tennis_buddy/tennisbuddy/install/tennisbuddy_ros2_control:/home/anoushka/tennis_buddy/tennisbuddy/install/tennisbuddy_planning:/home/anoushka/tennis_buddy/tennisbuddy/install/tennisbuddy_perception:/home/anoushka/tennis_buddy/tennisbuddy/install/tennisbuddy_gazebo:/home/anoushka/tennis_buddy/tennisbuddy/install/tennisbuddy_description PYTHONPATH=/home/anoushka/robot10x_ws/build/simulation_launch/prefix_override:/usr/lib/python3/dist-packages/colcon_core/task/python/colcon_distutils_commands:/home/anoushka/robot10x_ws/install/simulation_launch/lib/python3.10/site-packages:${PYTHONPATH} /usr/bin/python3 -W ignore:setup.py install is deprecated -W ignore:easy_install command is deprecated setup.py egg_info --egg-base ../../build/simulation_launch build --build-base /home/anoushka/robot10x_ws/build/simulation_launch/build install --record /home/anoushka/robot10x_ws/build/simulation_launch/install.log --single-version-externally-managed install_data
[1.071s] running egg_info
[1.071s] writing ../../build/simulation_launch/simulation_launch.egg-info/PKG-INFO
[1.071s] writing dependency_links to ../../build/simulation_launch/simulation_launch.egg-info/dependency_links.txt
[1.072s] writing entry points to ../../build/simulation_launch/simulation_launch.egg-info/entry_points.txt
[1.072s] writing requirements to ../../build/simulation_launch/simulation_launch.egg-info/requires.txt
[1.072s] writing top-level names to ../../build/simulation_launch/simulation_launch.egg-info/top_level.txt
[1.073s] reading manifest file '../../build/simulation_launch/simulation_launch.egg-info/SOURCES.txt'
[1.074s] writing manifest file '../../build/simulation_launch/simulation_launch.egg-info/SOURCES.txt'
[1.074s] running build
[1.074s] running build_py
[1.074s] running install
[1.074s] running install_lib
[1.076s] running install_data
[1.076s] running install_egg_info
[1.077s] removing '/home/anoushka/robot10x_ws/install/simulation_launch/lib/python3.10/site-packages/simulation_launch-0.0.0-py3.10.egg-info' (and everything under it)
[1.077s] Copying ../../build/simulation_launch/simulation_launch.egg-info to /home/anoushka/robot10x_ws/install/simulation_launch/lib/python3.10/site-packages/simulation_launch-0.0.0-py3.10.egg-info
[1.078s] running install_scripts
[1.088s] Installing mission_orchestrator script to /home/anoushka/robot10x_ws/install/simulation_launch/lib/simulation_launch
[1.089s] writing list of installed files to '/home/anoushka/robot10x_ws/build/simulation_launch/install.log'
[1.103s] Invoked command in '/home/anoushka/robot10x_ws/src/simulation_launch' returned '0': CMAKE_PREFIX_PATH=/home/anoushka/robot10x_ws/install/roverrobotics_gazebo:/home/anoushka/robot10x_ws/install/roverrobotics_description:/home/anoushka/robot10x_ws/install/roverrobotics_input_manager:/home/anoushka/robot10x_ws/install/roverrobotics_driver:/home/anoushka/rover_workspace/install/rplidar_ros:/home/anoushka/rover_workspace/install/roverrobotics_input_manager:/home/anoushka/rover_workspace/install/roverrobotics_gazebo:/home/anoushka/rover_workspace/install/roverrobotics_driver:/home/anoushka/rover_workspace/install/roverrobotics_description:/home/anoushka/tennis_buddy/tennisbuddy/install/tennisbuddy_ros2_control:/home/anoushka/tennis_buddy/tennisbuddy/install/tennisbuddy_planning:/home/anoushka/tennis_buddy/tennisbuddy/install/tennisbuddy_perception:/home/anoushka/tennis_buddy/tennisbuddy/install/tennisbuddy_gazebo:/home/anoushka/tennis_buddy/tennisbuddy/install/tennisbuddy_description PYTHONPATH=/home/anoushka/robot10x_ws/build/simulation_launch/prefix_override:/usr/lib/python3/dist-packages/colcon_core/task/python/colcon_distutils_commands:/home/anoushka/robot10x_ws/install/simulation_launch/lib/python3.10/site-packages:${PYTHONPATH} /usr/bin/python3 -W ignore:setup.py install is deprecated -W ignore:easy_install command is deprecated setup.py egg_info --egg-base ../../build/simulation_launch build --build-base /home/anoushka/robot10x_ws/build/simulation_launch/build install --record /home/anoushka/robot10x_ws/build/simulation_launch/install.log --single-version-externally-managed install_data
