running egg_info
creating ../../build/path_smoothing/path_smoothing.egg-info
writing ../../build/path_smoothing/path_smoothing.egg-info/PKG-INFO
writing dependency_links to ../../build/path_smoothing/path_smoothing.egg-info/dependency_links.txt
writing entry points to ../../build/path_smoothing/path_smoothing.egg-info/entry_points.txt
writing requirements to ../../build/path_smoothing/path_smoothing.egg-info/requires.txt
writing top-level names to ../../build/path_smoothing/path_smoothing.egg-info/top_level.txt
writing manifest file '../../build/path_smoothing/path_smoothing.egg-info/SOURCES.txt'
reading manifest file '../../build/path_smoothing/path_smoothing.egg-info/SOURCES.txt'
writing manifest file '../../build/path_smoothing/path_smoothing.egg-info/SOURCES.txt'
running build
running build_py
creating /home/anoushka/robot10x_ws/build/path_smoothing/build
creating /home/anoushka/robot10x_ws/build/path_smoothing/build/lib
creating /home/anoushka/robot10x_ws/build/path_smoothing/build/lib/path_smoothing
copying path_smoothing/smoothing_node.py -> /home/anoushka/robot10x_ws/build/path_smoothing/build/lib/path_smoothing
copying path_smoothing/__init__.py -> /home/anoushka/robot10x_ws/build/path_smoothing/build/lib/path_smoothing
running install
running install_lib
creating /home/anoushka/robot10x_ws/install/path_smoothing/lib/python3.10/site-packages/path_smoothing
copying /home/anoushka/robot10x_ws/build/path_smoothing/build/lib/path_smoothing/smoothing_node.py -> /home/anoushka/robot10x_ws/install/path_smoothing/lib/python3.10/site-packages/path_smoothing
copying /home/anoushka/robot10x_ws/build/path_smoothing/build/lib/path_smoothing/__init__.py -> /home/anoushka/robot10x_ws/install/path_smoothing/lib/python3.10/site-packages/path_smoothing
byte-compiling /home/anoushka/robot10x_ws/install/path_smoothing/lib/python3.10/site-packages/path_smoothing/smoothing_node.py to smoothing_node.cpython-310.pyc
byte-compiling /home/anoushka/robot10x_ws/install/path_smoothing/lib/python3.10/site-packages/path_smoothing/__init__.py to __init__.cpython-310.pyc
running install_data
creating /home/anoushka/robot10x_ws/install/path_smoothing/share/ament_index
creating /home/anoushka/robot10x_ws/install/path_smoothing/share/ament_index/resource_index
creating /home/anoushka/robot10x_ws/install/path_smoothing/share/ament_index/resource_index/packages
copying resource/path_smoothing -> /home/anoushka/robot10x_ws/install/path_smoothing/share/ament_index/resource_index/packages
copying package.xml -> /home/anoushka/robot10x_ws/install/path_smoothing/share/path_smoothing
running install_egg_info
Copying ../../build/path_smoothing/path_smoothing.egg-info to /home/anoushka/robot10x_ws/install/path_smoothing/lib/python3.10/site-packages/path_smoothing-0.0.0-py3.10.egg-info
running install_scripts
writing list of installed files to '/home/anoushka/robot10x_ws/build/path_smoothing/install.log'
