[0.998s] Invoking command in '/home/anoushka/robot10x_ws/src/path_smoothing': PYTHONPATH=/home/anoushka/robot10x_ws/build/path_smoothing/prefix_override:/usr/lib/python3/dist-packages/colcon_core/task/python/colcon_distutils_commands:/home/anoushka/robot10x_ws/install/path_smoothing/lib/python3.10/site-packages:${PYTHONPATH} /usr/bin/python3 -W ignore:setup.py install is deprecated -W ignore:easy_install command is deprecated setup.py egg_info --egg-base ../../build/path_smoothing build --build-base /home/anoushka/robot10x_ws/build/path_smoothing/build install --record /home/anoushka/robot10x_ws/build/path_smoothing/install.log --single-version-externally-managed install_data
[1.149s] running egg_info
[1.149s] creating ../../build/path_smoothing/path_smoothing.egg-info
[1.150s] writing ../../build/path_smoothing/path_smoothing.egg-info/PKG-INFO
[1.150s] writing dependency_links to ../../build/path_smoothing/path_smoothing.egg-info/dependency_links.txt
[1.150s] writing entry points to ../../build/path_smoothing/path_smoothing.egg-info/entry_points.txt
[1.151s] writing requirements to ../../build/path_smoothing/path_smoothing.egg-info/requires.txt
[1.151s] writing top-level names to ../../build/path_smoothing/path_smoothing.egg-info/top_level.txt
[1.151s] writing manifest file '../../build/path_smoothing/path_smoothing.egg-info/SOURCES.txt'
[1.151s] reading manifest file '../../build/path_smoothing/path_smoothing.egg-info/SOURCES.txt'
[1.152s] writing manifest file '../../build/path_smoothing/path_smoothing.egg-info/SOURCES.txt'
[1.152s] running build
[1.152s] running build_py
[1.152s] creating /home/anoushka/robot10x_ws/build/path_smoothing/build
[1.152s] creating /home/anoushka/robot10x_ws/build/path_smoothing/build/lib
[1.152s] creating /home/anoushka/robot10x_ws/build/path_smoothing/build/lib/path_smoothing
[1.152s] copying path_smoothing/smoothing_node.py -> /home/anoushka/robot10x_ws/build/path_smoothing/build/lib/path_smoothing
[1.153s] copying path_smoothing/__init__.py -> /home/anoushka/robot10x_ws/build/path_smoothing/build/lib/path_smoothing
[1.153s] running install
[1.153s] running install_lib
[1.154s] creating /home/anoushka/robot10x_ws/install/path_smoothing/lib/python3.10/site-packages/path_smoothing
[1.154s] copying /home/anoushka/robot10x_ws/build/path_smoothing/build/lib/path_smoothing/smoothing_node.py -> /home/anoushka/robot10x_ws/install/path_smoothing/lib/python3.10/site-packages/path_smoothing
[1.155s] copying /home/anoushka/robot10x_ws/build/path_smoothing/build/lib/path_smoothing/__init__.py -> /home/anoushka/robot10x_ws/install/path_smoothing/lib/python3.10/site-packages/path_smoothing
[1.155s] byte-compiling /home/anoushka/robot10x_ws/install/path_smoothing/lib/python3.10/site-packages/path_smoothing/smoothing_node.py to smoothing_node.cpython-310.pyc
[1.155s] byte-compiling /home/anoushka/robot10x_ws/install/path_smoothing/lib/python3.10/site-packages/path_smoothing/__init__.py to __init__.cpython-310.pyc
[1.155s] running install_data
[1.155s] creating /home/anoushka/robot10x_ws/install/path_smoothing/share/ament_index
[1.155s] creating /home/anoushka/robot10x_ws/install/path_smoothing/share/ament_index/resource_index
[1.156s] creating /home/anoushka/robot10x_ws/install/path_smoothing/share/ament_index/resource_index/packages
[1.156s] copying resource/path_smoothing -> /home/anoushka/robot10x_ws/install/path_smoothing/share/ament_index/resource_index/packages
[1.156s] copying package.xml -> /home/anoushka/robot10x_ws/install/path_smoothing/share/path_smoothing
[1.156s] running install_egg_info
[1.157s] Copying ../../build/path_smoothing/path_smoothing.egg-info to /home/anoushka/robot10x_ws/install/path_smoothing/lib/python3.10/site-packages/path_smoothing-0.0.0-py3.10.egg-info
[1.157s] running install_scripts
[1.171s] writing list of installed files to '/home/anoushka/robot10x_ws/build/path_smoothing/install.log'
[1.194s] Invoked command in '/home/anoushka/robot10x_ws/src/path_smoothing' returned '0': PYTHONPATH=/home/anoushka/robot10x_ws/build/path_smoothing/prefix_override:/usr/lib/python3/dist-packages/colcon_core/task/python/colcon_distutils_commands:/home/anoushka/robot10x_ws/install/path_smoothing/lib/python3.10/site-packages:${PYTHONPATH} /usr/bin/python3 -W ignore:setup.py install is deprecated -W ignore:easy_install command is deprecated setup.py egg_info --egg-base ../../build/path_smoothing build --build-base /home/anoushka/robot10x_ws/build/path_smoothing/build install --record /home/anoushka/robot10x_ws/build/path_smoothing/install.log --single-version-externally-managed install_data
