[0.427s] Invoking command in '/home/anoushka/robot10x_ws/src/simulation_launch': AMENT_PREFIX_PATH=/home/anoushka/robot10x_ws/install/roverrobotics_gazebo:/home/anoushka/robot10x_ws/install/roverrobotics_description:${AMENT_PREFIX_PATH} CMAKE_PREFIX_PATH=/home/anoushka/robot10x_ws/install/roverrobotics_gazebo:/home/anoushka/robot10x_ws/install/roverrobotics_description:${CMAKE_PREFIX_PATH} PYTHONPATH=/home/anoushka/robot10x_ws/build/simulation_launch/prefix_override:/usr/lib/python3/dist-packages/colcon_core/task/python/colcon_distutils_commands:/home/anoushka/robot10x_ws/install/simulation_launch/lib/python3.10/site-packages:${PYTHONPATH} /usr/bin/python3 -W ignore:setup.py install is deprecated -W ignore:easy_install command is deprecated setup.py egg_info --egg-base ../../build/simulation_launch build --build-base /home/anoushka/robot10x_ws/build/simulation_launch/build install --record /home/anoushka/robot10x_ws/build/simulation_launch/install.log --single-version-externally-managed install_data
[0.574s] running egg_info
[0.575s] creating ../../build/simulation_launch/simulation_launch.egg-info
[0.575s] writing ../../build/simulation_launch/simulation_launch.egg-info/PKG-INFO
[0.575s] writing dependency_links to ../../build/simulation_launch/simulation_launch.egg-info/dependency_links.txt
[0.575s] writing entry points to ../../build/simulation_launch/simulation_launch.egg-info/entry_points.txt
[0.575s] writing requirements to ../../build/simulation_launch/simulation_launch.egg-info/requires.txt
[0.575s] writing top-level names to ../../build/simulation_launch/simulation_launch.egg-info/top_level.txt
[0.575s] writing manifest file '../../build/simulation_launch/simulation_launch.egg-info/SOURCES.txt'
[0.575s] reading manifest file '../../build/simulation_launch/simulation_launch.egg-info/SOURCES.txt'
[0.575s] writing manifest file '../../build/simulation_launch/simulation_launch.egg-info/SOURCES.txt'
[0.575s] running build
[0.575s] running build_py
[0.575s] creating /home/anoushka/robot10x_ws/build/simulation_launch/build
[0.575s] creating /home/anoushka/robot10x_ws/build/simulation_launch/build/lib
[0.575s] creating /home/anoushka/robot10x_ws/build/simulation_launch/build/lib/simulation_launch
[0.576s] copying simulation_launch/__init__.py -> /home/anoushka/robot10x_ws/build/simulation_launch/build/lib/simulation_launch
[0.576s] running install
[0.577s] running install_lib
[0.577s] creating /home/anoushka/robot10x_ws/install/simulation_launch/lib/python3.10/site-packages/simulation_launch
[0.577s] copying /home/anoushka/robot10x_ws/build/simulation_launch/build/lib/simulation_launch/__init__.py -> /home/anoushka/robot10x_ws/install/simulation_launch/lib/python3.10/site-packages/simulation_launch
[0.577s] byte-compiling /home/anoushka/robot10x_ws/install/simulation_launch/lib/python3.10/site-packages/simulation_launch/__init__.py to __init__.cpython-310.pyc
[0.577s] running install_data
[0.577s] creating /home/anoushka/robot10x_ws/install/simulation_launch/share/ament_index
[0.577s] creating /home/anoushka/robot10x_ws/install/simulation_launch/share/ament_index/resource_index
[0.577s] creating /home/anoushka/robot10x_ws/install/simulation_launch/share/ament_index/resource_index/packages
[0.577s] copying resource/simulation_launch -> /home/anoushka/robot10x_ws/install/simulation_launch/share/ament_index/resource_index/packages
[0.577s] copying package.xml -> /home/anoushka/robot10x_ws/install/simulation_launch/share/simulation_launch
[0.577s] running install_egg_info
[0.578s] Copying ../../build/simulation_launch/simulation_launch.egg-info to /home/anoushka/robot10x_ws/install/simulation_launch/lib/python3.10/site-packages/simulation_launch-0.0.0-py3.10.egg-info
[0.579s] running install_scripts
[0.590s] writing list of installed files to '/home/anoushka/robot10x_ws/build/simulation_launch/install.log'
[0.609s] Invoked command in '/home/anoushka/robot10x_ws/src/simulation_launch' returned '0': AMENT_PREFIX_PATH=/home/anoushka/robot10x_ws/install/roverrobotics_gazebo:/home/anoushka/robot10x_ws/install/roverrobotics_description:${AMENT_PREFIX_PATH} CMAKE_PREFIX_PATH=/home/anoushka/robot10x_ws/install/roverrobotics_gazebo:/home/anoushka/robot10x_ws/install/roverrobotics_description:${CMAKE_PREFIX_PATH} PYTHONPATH=/home/anoushka/robot10x_ws/build/simulation_launch/prefix_override:/usr/lib/python3/dist-packages/colcon_core/task/python/colcon_distutils_commands:/home/anoushka/robot10x_ws/install/simulation_launch/lib/python3.10/site-packages:${PYTHONPATH} /usr/bin/python3 -W ignore:setup.py install is deprecated -W ignore:easy_install command is deprecated setup.py egg_info --egg-base ../../build/simulation_launch build --build-base /home/anoushka/robot10x_ws/build/simulation_launch/build install --record /home/anoushka/robot10x_ws/build/simulation_launch/install.log --single-version-externally-managed install_data
